[0731/234843.407:INFO:CONSOLE(0)] "Error with Permissions-Policy header: Origin trial controlled feature not enabled: 'attribution-reporting'.", source:  (0)
[0731/234843.407:INFO:CONSOLE(0)] "Error with Permissions-Policy header: Unrecognized feature: 'battery'.", source:  (0)
[0731/234843.407:INFO:CONSOLE(0)] "Error with Permissions-Policy header: Origin trial controlled feature not enabled: 'compute-pressure'.", source:  (0)
[0731/234843.408:INFO:CONSOLE(0)] "Error with Permissions-Policy header: Origin trial controlled feature not enabled: 'interest-cohort'.", source:  (0)
[0731/234843.408:INFO:CONSOLE(0)] "Error with Permissions-Policy header: Origin trial controlled feature not enabled: 'shared-storage'.", source:  (0)
[0731/234843.410:INFO:CONSOLE(0)] "Error with Permissions-Policy header: Origin trial controlled feature not enabled: 'shared-storage-select-url'.", source:  (0)
[0731/234843.410:INFO:CONSOLE(0)] "Error with Permissions-Policy header: Unrecognized feature: 'usb-unrestricted'.", source:  (0)
[0731/234843.899:INFO:CONSOLE(1)] "Uncaught (in promise) TypeError: Cannot convert undefined or null to object", source: pptr:evaluate;Whatsapp.initService%20(C%3A%5CUsers%5CCamilo%5CDesktop%5CBotMTS%5Cnode_modules%5Cvenom-bot%5Cdist%5Capi%5Cwhatsapp.js%3A80%3A29) (1)
[0731/234845.855:INFO:CONSOLE(133)] "Event handler of 'x-storagemutated-1' event must be added on the initial evaluation of worker script.", source: https://static.whatsapp.net/rsrc.php/v3/yF/r/OCSugOKLwfG.js?_nc_x=Ij3Wp8lg5Kz (133)
[0731/234924.174:INFO:CONSOLE(133)] "Event handler of 'x-storagemutated-1' event must be added on the initial evaluation of worker script.", source: https://static.whatsapp.net/rsrc.php/v3/yF/r/OCSugOKLwfG.js?_nc_x=Ij3Wp8lg5Kz (133)
[0731/234932.009:INFO:CONSOLE(1)] "[object Object]", source: pptr:evaluate;Whatsapp.initService%20(C%3A%5CUsers%5CCamilo%5CDesktop%5CBotMTS%5Cnode_modules%5Cvenom-bot%5Cdist%5Capi%5Cwhatsapp.js%3A80%3A29) (1)
[0731/234932.009:INFO:CONSOLE(1)] "[object Object]", source: pptr:evaluate;Whatsapp.initService%20(C%3A%5CUsers%5CCamilo%5CDesktop%5CBotMTS%5Cnode_modules%5Cvenom-bot%5Cdist%5Capi%5Cwhatsapp.js%3A80%3A29) (1)
[0731/234932.012:INFO:CONSOLE(1)] "[object Object]", source: pptr:evaluate;Whatsapp.initService%20(C%3A%5CUsers%5CCamilo%5CDesktop%5CBotMTS%5Cnode_modules%5Cvenom-bot%5Cdist%5Capi%5Cwhatsapp.js%3A80%3A29) (1)
[0731/234932.013:INFO:CONSOLE(1)] "[object Object]", source: pptr:evaluate;Whatsapp.initService%20(C%3A%5CUsers%5CCamilo%5CDesktop%5CBotMTS%5Cnode_modules%5Cvenom-bot%5Cdist%5Capi%5Cwhatsapp.js%3A80%3A29) (1)
[0731/234932.013:INFO:CONSOLE(1)] "[object Object]", source: pptr:evaluate;Whatsapp.initService%20(C%3A%5CUsers%5CCamilo%5CDesktop%5CBotMTS%5Cnode_modules%5Cvenom-bot%5Cdist%5Capi%5Cwhatsapp.js%3A80%3A29) (1)
[0731/234932.013:INFO:CONSOLE(1)] "[object Object]", source: pptr:evaluate;Whatsapp.initService%20(C%3A%5CUsers%5CCamilo%5CDesktop%5CBotMTS%5Cnode_modules%5Cvenom-bot%5Cdist%5Capi%5Cwhatsapp.js%3A80%3A29) (1)
[0731/234932.013:INFO:CONSOLE(1)] "[object Object]", source: pptr:evaluate;Whatsapp.initService%20(C%3A%5CUsers%5CCamilo%5CDesktop%5CBotMTS%5Cnode_modules%5Cvenom-bot%5Cdist%5Capi%5Cwhatsapp.js%3A80%3A29) (1)
[0731/234932.015:INFO:CONSOLE(1)] "function a(a,b){b=b.intentionallyUsePrivateConstructor;if(!b)throw c("err")("You should use WidFactory.createWid() instead of the Wid constructor. If you absolutely must use the constructor, pass {intentionallyUsePrivateConstructor: true} as a second parameter.");b=d("WAWebWidValidator").validateAndGetParts(a,d("WAWebBizCoexGatingUtils").bizHostedDevicesEnabled());if(b==null){d("WALogger").LOG(m(),a);throw c("err")("wid error: invalid wid")}var e=[],f=b.userPart,g=b.devicePart;b=b.serverPart.toLowerCase();var h;switch(b){case"s.whatsapp.net":h="c.us";break;default:h=b;break}this.server=h;if(f==null){d("WALogger").LOG(l(),a);throw c("err")("wid error: wid represents server and should not be used")}this.user=f;e.push(this.user);if(g!=null){if(this.server!=="c.us"&&this.server!=="lid"&&this.server!=="hosted"&&this.server!=="hosted.lid"&&this.server!=="bot"){d("WALogger").LOG(k(),a);throw c("err")("wid error: wrong server for wid with device present")}b=parseInt(g,10);b&&(e.push(":"),e.push(b),this.device=b)}if(d("WAWebBizCoexGatingUtils").bizHostedDevicesEnabled()&&(this.isHosted()&&(this.device==null||this.device!==s))){d("WALogger").LOG(j());throw c("err")("wid error: unexpected device id in hosted wid")}e.push("@");e.push(this.server);this._serialized=e.join("")}", source: pptr:evaluate;Whatsapp.initService%20(C%3A%5CUsers%5CCamilo%5CDesktop%5CBotMTS%5Cnode_modules%5Cvenom-bot%5Cdist%5Capi%5Cwhatsapp.js%3A80%3A29) (1)
[0731/234932.015:INFO:CONSOLE(1)] "[object Object]", source: pptr:evaluate;Whatsapp.initService%20(C%3A%5CUsers%5CCamilo%5CDesktop%5CBotMTS%5Cnode_modules%5Cvenom-bot%5Cdist%5Capi%5Cwhatsapp.js%3A80%3A29) (1)
[0731/234932.017:INFO:CONSOLE(1)] "[object Object]", source: pptr:evaluate;Whatsapp.initService%20(C%3A%5CUsers%5CCamilo%5CDesktop%5CBotMTS%5Cnode_modules%5Cvenom-bot%5Cdist%5Capi%5Cwhatsapp.js%3A80%3A29) (1)
[0731/234932.018:INFO:CONSOLE(1)] "function a(b){b=b;if(!b)throw c("err")("MsgKey error: obj is null/undefined");b.id instanceof a&&(b=b.id,d("WALogger").WARN(o()));var e=b.from&&b.to&&b.id,f=b.fromMe!==void 0&&b.remote&&b.id,g,h,i,p,q,r,s,t=d("WAWebUserPrefsMeUser").getMaybeMeUser();if(!t)throw c("err")("MsgKey error: me is undefined. Running tests? Call setupGlobalsForTests first.");else if(e&&f){d("WALogger").WARN(n(),JSON.stringify(b));throw c("err")("MsgKey error: unclear which constructor to use")}else if(!e&&!f){d("WALogger").WARN(m(),JSON.stringify(b));throw c("err")("MsgKey error: don't have a matching constructor")}else if(e){e=b;g=e.from;h=e.to;i=e.id;p=e.participant;q=e.selfDir;if(!(g instanceof c("WAWebWid"))||!(h instanceof c("WAWebWid"))||p&&!(p instanceof c("WAWebWid"))){d("WALogger").WARN(l(),String(g),String(h),String(p));throw c("err")("MsgKey error: something is not a wid")}e=c("WAWebWid").equals(g,h);q=e?q:void 0;e&&d("WAWebUserPrefsMeUser").isMePrimary(g)?(r=q==="out",s=t):d("WAWebUserPrefsMeUser").isMePrimary(g)?(r=!0,s=h):d("WAWebUserPrefsMeUser").isMePrimary(h)?(r=!1,s=g):e&&(c("WAWebWid").isGroup(g)||c("WAWebWid").isBroadcast(g))?(r=!0,s=g):d("WALogger").WARN(k(),[g,h,i,t].join());r!==void 0&&(this.fromMe=r);s&&(this.remote=s);i&&(this.id=i)}else if(f){e=b;r=e.fromMe;s=e.remote;i=e.id;p=e.participant;if(!(s instanceof c("WAWebWid"))||p&&!(p instanceof c("WAWebWid"))){d("WALogger").WARN(j(),String(s),String(p));throw c("err")("MsgKey error: something is not a wid")}d("WAWebUserPrefsMeUser").isMePrimary(s)&&(q=r===!0?"out":"in");r!==void 0&&(this.fromMe=r);s&&(this.remote=s);i&&(this.id=i)}g=[this.fromMe,this.remote,this.id];q!==void 0&&(this.self=q,g.push(this.self));p!==void 0&&(this.participant=p,g.push(this.participant));this._serialized=g.join("_")}", source: pptr:evaluate;Whatsapp.initService%20(C%3A%5CUsers%5CCamilo%5CDesktop%5CBotMTS%5Cnode_modules%5Cvenom-bot%5Cdist%5Capi%5Cwhatsapp.js%3A80%3A29) (1)
[0731/234932.018:INFO:CONSOLE(1)] "[object Object]", source: pptr:evaluate;Whatsapp.initService%20(C%3A%5CUsers%5CCamilo%5CDesktop%5CBotMTS%5Cnode_modules%5Cvenom-bot%5Cdist%5Capi%5Cwhatsapp.js%3A80%3A29) (1)
[0731/234932.019:INFO:CONSOLE(1)] "[object Object]", source: pptr:evaluate;Whatsapp.initService%20(C%3A%5CUsers%5CCamilo%5CDesktop%5CBotMTS%5Cnode_modules%5Cvenom-bot%5Cdist%5Capi%5Cwhatsapp.js%3A80%3A29) (1)
[0731/234932.022:INFO:CONSOLE(1)] "[object Object]", source: pptr:evaluate;Whatsapp.initService%20(C%3A%5CUsers%5CCamilo%5CDesktop%5CBotMTS%5Cnode_modules%5Cvenom-bot%5Cdist%5Capi%5Cwhatsapp.js%3A80%3A29) (1)
[0731/234932.024:INFO:CONSOLE(1)] "[object Object]", source: pptr:evaluate;Whatsapp.initService%20(C%3A%5CUsers%5CCamilo%5CDesktop%5CBotMTS%5Cnode_modules%5Cvenom-bot%5Cdist%5Capi%5Cwhatsapp.js%3A80%3A29) (1)
[0731/234932.025:INFO:CONSOLE(1)] "[object Object]", source: pptr:evaluate;Whatsapp.initService%20(C%3A%5CUsers%5CCamilo%5CDesktop%5CBotMTS%5Cnode_modules%5Cvenom-bot%5Cdist%5Capi%5Cwhatsapp.js%3A80%3A29) (1)
[0731/234932.026:INFO:CONSOLE(1)] "[object Object]", source: pptr:evaluate;Whatsapp.initService%20(C%3A%5CUsers%5CCamilo%5CDesktop%5CBotMTS%5Cnode_modules%5Cvenom-bot%5Cdist%5Capi%5Cwhatsapp.js%3A80%3A29) (1)
[0731/234932.027:INFO:CONSOLE(1)] "[object Object]", source: pptr:evaluate;Whatsapp.initService%20(C%3A%5CUsers%5CCamilo%5CDesktop%5CBotMTS%5Cnode_modules%5Cvenom-bot%5Cdist%5Capi%5Cwhatsapp.js%3A80%3A29) (1)
[0731/234932.028:INFO:CONSOLE(1)] "[object Object]", source: pptr:evaluate;Whatsapp.initService%20(C%3A%5CUsers%5CCamilo%5CDesktop%5CBotMTS%5Cnode_modules%5Cvenom-bot%5Cdist%5Capi%5Cwhatsapp.js%3A80%3A29) (1)
[0731/234932.028:INFO:CONSOLE(1)] "[object Object]", source: pptr:evaluate;Whatsapp.initService%20(C%3A%5CUsers%5CCamilo%5CDesktop%5CBotMTS%5Cnode_modules%5Cvenom-bot%5Cdist%5Capi%5Cwhatsapp.js%3A80%3A29) (1)
[0731/234932.033:INFO:CONSOLE(1)] "[object Object]", source: pptr:evaluate;Whatsapp.initService%20(C%3A%5CUsers%5CCamilo%5CDesktop%5CBotMTS%5Cnode_modules%5Cvenom-bot%5Cdist%5Capi%5Cwhatsapp.js%3A80%3A29) (1)
[0731/234932.033:INFO:CONSOLE(1)] "[object Object]", source: pptr:evaluate;Whatsapp.initService%20(C%3A%5CUsers%5CCamilo%5CDesktop%5CBotMTS%5Cnode_modules%5Cvenom-bot%5Cdist%5Capi%5Cwhatsapp.js%3A80%3A29) (1)
[0731/234932.044:INFO:CONSOLE(1)] "[object Object]", source: pptr:evaluate;Whatsapp.initService%20(C%3A%5CUsers%5CCamilo%5CDesktop%5CBotMTS%5Cnode_modules%5Cvenom-bot%5Cdist%5Capi%5Cwhatsapp.js%3A80%3A29) (1)
[0731/234932.044:INFO:CONSOLE(1)] "[object Object]", source: pptr:evaluate;Whatsapp.initService%20(C%3A%5CUsers%5CCamilo%5CDesktop%5CBotMTS%5Cnode_modules%5Cvenom-bot%5Cdist%5Capi%5Cwhatsapp.js%3A80%3A29) (1)
[0731/234932.045:INFO:CONSOLE(1)] "[object Object]", source: pptr:evaluate;Whatsapp.initService%20(C%3A%5CUsers%5CCamilo%5CDesktop%5CBotMTS%5Cnode_modules%5Cvenom-bot%5Cdist%5Capi%5Cwhatsapp.js%3A80%3A29) (1)
[0731/234932.048:INFO:CONSOLE(1)] "[object Object]", source: pptr:evaluate;Whatsapp.initService%20(C%3A%5CUsers%5CCamilo%5CDesktop%5CBotMTS%5Cnode_modules%5Cvenom-bot%5Cdist%5Capi%5Cwhatsapp.js%3A80%3A29) (1)
[0731/234932.049:INFO:CONSOLE(1)] "[object Object]", source: pptr:evaluate;Whatsapp.initService%20(C%3A%5CUsers%5CCamilo%5CDesktop%5CBotMTS%5Cnode_modules%5Cvenom-bot%5Cdist%5Capi%5Cwhatsapp.js%3A80%3A29) (1)
[0731/234932.049:INFO:CONSOLE(1)] "[object Object]", source: pptr:evaluate;Whatsapp.initService%20(C%3A%5CUsers%5CCamilo%5CDesktop%5CBotMTS%5Cnode_modules%5Cvenom-bot%5Cdist%5Capi%5Cwhatsapp.js%3A80%3A29) (1)
[0731/234932.049:INFO:CONSOLE(1)] "[object Object]", source: pptr:evaluate;Whatsapp.initService%20(C%3A%5CUsers%5CCamilo%5CDesktop%5CBotMTS%5Cnode_modules%5Cvenom-bot%5Cdist%5Capi%5Cwhatsapp.js%3A80%3A29) (1)
[0731/234932.050:INFO:CONSOLE(1)] "[object Object]", source: pptr:evaluate;Whatsapp.initService%20(C%3A%5CUsers%5CCamilo%5CDesktop%5CBotMTS%5Cnode_modules%5Cvenom-bot%5Cdist%5Capi%5Cwhatsapp.js%3A80%3A29) (1)
[0731/234932.050:INFO:CONSOLE(1)] "[object Object]", source: pptr:evaluate;Whatsapp.initService%20(C%3A%5CUsers%5CCamilo%5CDesktop%5CBotMTS%5Cnode_modules%5Cvenom-bot%5Cdist%5Capi%5Cwhatsapp.js%3A80%3A29) (1)
[0731/234932.051:INFO:CONSOLE(1)] "[object Object]", source: pptr:evaluate;Whatsapp.initService%20(C%3A%5CUsers%5CCamilo%5CDesktop%5CBotMTS%5Cnode_modules%5Cvenom-bot%5Cdist%5Capi%5Cwhatsapp.js%3A80%3A29) (1)
[0731/234932.051:INFO:CONSOLE(1)] "[object Object]", source: pptr:evaluate;Whatsapp.initService%20(C%3A%5CUsers%5CCamilo%5CDesktop%5CBotMTS%5Cnode_modules%5Cvenom-bot%5Cdist%5Capi%5Cwhatsapp.js%3A80%3A29) (1)
[0731/234932.051:INFO:CONSOLE(1)] "[object Object]", source: pptr:evaluate;Whatsapp.initService%20(C%3A%5CUsers%5CCamilo%5CDesktop%5CBotMTS%5Cnode_modules%5Cvenom-bot%5Cdist%5Capi%5Cwhatsapp.js%3A80%3A29) (1)
[0731/234932.051:INFO:CONSOLE(1)] "function a(a,b,c){return i(d("WAWebStateUtils").unproxy(a),b,c)}", source: pptr:evaluate;Whatsapp.initService%20(C%3A%5CUsers%5CCamilo%5CDesktop%5CBotMTS%5Cnode_modules%5Cvenom-bot%5Cdist%5Capi%5Cwhatsapp.js%3A80%3A29) (1)
[0731/234932.053:INFO:CONSOLE(1)] "[object Object]", source: pptr:evaluate;Whatsapp.initService%20(C%3A%5CUsers%5CCamilo%5CDesktop%5CBotMTS%5Cnode_modules%5Cvenom-bot%5Cdist%5Capi%5Cwhatsapp.js%3A80%3A29) (1)
[0731/234932.054:INFO:CONSOLE(1)] "function a(a,b,c){return h.apply(this,arguments)}", source: pptr:evaluate;Whatsapp.initService%20(C%3A%5CUsers%5CCamilo%5CDesktop%5CBotMTS%5Cnode_modules%5Cvenom-bot%5Cdist%5Capi%5Cwhatsapp.js%3A80%3A29) (1)
[0731/234932.056:INFO:CONSOLE(1)] "[object Object]", source: pptr:evaluate;Whatsapp.initService%20(C%3A%5CUsers%5CCamilo%5CDesktop%5CBotMTS%5Cnode_modules%5Cvenom-bot%5Cdist%5Capi%5Cwhatsapp.js%3A80%3A29) (1)
[0731/234932.057:INFO:CONSOLE(1)] "[object Object]", source: pptr:evaluate;Whatsapp.initService%20(C%3A%5CUsers%5CCamilo%5CDesktop%5CBotMTS%5Cnode_modules%5Cvenom-bot%5Cdist%5Capi%5Cwhatsapp.js%3A80%3A29) (1)
[0731/234932.058:INFO:CONSOLE(1)] "function b(){return a.apply(this,arguments)||this}", source: pptr:evaluate;Whatsapp.initService%20(C%3A%5CUsers%5CCamilo%5CDesktop%5CBotMTS%5Cnode_modules%5Cvenom-bot%5Cdist%5Capi%5Cwhatsapp.js%3A80%3A29) (1)
[0731/234932.058:INFO:CONSOLE(1)] "function b(){return a.apply(this,arguments)||this}", source: pptr:evaluate;Whatsapp.initService%20(C%3A%5CUsers%5CCamilo%5CDesktop%5CBotMTS%5Cnode_modules%5Cvenom-bot%5Cdist%5Capi%5Cwhatsapp.js%3A80%3A29) (1)
[0731/234932.059:INFO:CONSOLE(1)] "[object Object]", source: pptr:evaluate;Whatsapp.initService%20(C%3A%5CUsers%5CCamilo%5CDesktop%5CBotMTS%5Cnode_modules%5Cvenom-bot%5Cdist%5Capi%5Cwhatsapp.js%3A80%3A29) (1)
[0731/234932.060:INFO:CONSOLE(1)] "[object Object]", source: pptr:evaluate;Whatsapp.initService%20(C%3A%5CUsers%5CCamilo%5CDesktop%5CBotMTS%5Cnode_modules%5Cvenom-bot%5Cdist%5Capi%5Cwhatsapp.js%3A80%3A29) (1)
[0731/234932.061:INFO:CONSOLE(1)] "function e(b){var e;b=b.chatParticipantCount;e=a.call(this)||this;e.errorMsgs=null;e.ignored=0;e.mediaPickerStatsLogger=new(d("WAWebWamMediaPickerStatsLogger").MediaPickerStatsLogger)();e.selection=new(c("WAWebSingleSelection"))([],function(a){return a.id},"prev");e.isStickerMaker=!1;e.mediaPickerStatsLogger.chatRecipients=b;e.listenTo(e.selection,"all",e.$AttachMediaCollection1.bind(babelHelpers.assertThisInitialized(e)));return e}", source: pptr:evaluate;Whatsapp.initService%20(C%3A%5CUsers%5CCamilo%5CDesktop%5CBotMTS%5Cnode_modules%5Cvenom-bot%5Cdist%5Capi%5Cwhatsapp.js%3A80%3A29) (1)
[0731/234932.062:INFO:CONSOLE(1)] "[object Object]", source: pptr:evaluate;Whatsapp.initService%20(C%3A%5CUsers%5CCamilo%5CDesktop%5CBotMTS%5Cnode_modules%5Cvenom-bot%5Cdist%5Capi%5Cwhatsapp.js%3A80%3A29) (1)
[0731/234932.072:INFO:CONSOLE(1)] "function a(a){return o(d("WAWebStateUtils").unproxy(a))}", source: pptr:evaluate;Whatsapp.initService%20(C%3A%5CUsers%5CCamilo%5CDesktop%5CBotMTS%5Cnode_modules%5Cvenom-bot%5Cdist%5Capi%5Cwhatsapp.js%3A80%3A29) (1)
[0731/234932.072:INFO:CONSOLE(1)] "function f(a,c,e){var f=d("WAWebStateUtils").unproxy(a);if(f.promises.sendDeleteMsgs)return f.promises.sendDeleteMsgs;if(c.type==="addon"){var g=c.list;f.promises.sendDeleteMsgs=d("WAWebAddonDeleteAddons").sendDeleteAddonsForMe(g,e).then(b("asyncToGeneratorRuntime").asyncToGenerator(function*(){return g.length}))["finally"](function(){f.promises.sendDeleteMsgs=null})}if(c.type==="message"){var h=c.list;f.promises.sendDeleteMsgs=d("WAWebChatSendDeleteMsgsBridge").sendDeleteMsgs(h,e,f.id).then(function(){h.forEach(function(a){a["delete"]()});return h.length})["catch"](d("WAFilteredCatch").filteredCatch(d("WAWebBackendErrors").ServerStatusCodeError,function(){var a=0;h.forEach(function(b){(b.ack===d("WAWebAck").ACK.FAILED||b.isExpired())&&(b["delete"](),a++)});return a}))["finally"](function(){f.promises.sendDeleteMsgs=null})}return(a=f.promises.sendDeleteMsgs)!=null?a:(i||(i=b("Promise"))).resolve(0)}", source: pptr:evaluate;Whatsapp.initService%20(C%3A%5CUsers%5CCamilo%5CDesktop%5CBotMTS%5Cnode_modules%5Cvenom-bot%5Cdist%5Capi%5Cwhatsapp.js%3A80%3A29) (1)
[0731/234932.072:INFO:CONSOLE(1)] "function e(a,c,e){var f=d("WAWebStateUtils").unproxy(a);if(f.promises.sendRevokeMsgs)return f.promises.sendRevokeMsgs;c.type==="addon"?a=c.list.map(function(){var a=b("asyncToGeneratorRuntime").asyncToGenerator(function*(a){var b=d("WAWebMsgActionCapability").canSenderRevokeMsg(a)||d("WAWebMsgActionCapability").canBotResponseBeRevokeByInvoker(a)?d("WAWebCmd").Revoke.Sender:d("WAWebCmd").Revoke.Admin;return d("WAWebRevokeMsgAction").sendRevoke({type:"addon",data:a},b,e)});return function(b){return a.apply(this,arguments)}}()):a=c.list.map(function(){var a=b("asyncToGeneratorRuntime").asyncToGenerator(function*(a){var b=d("WAWebMsgActionCapability").canSenderRevokeMsg(a)||d("WAWebMsgActionCapability").canBotResponseBeRevokeByInvoker(a)?d("WAWebCmd").Revoke.Sender:d("WAWebCmd").Revoke.Admin;try{yield p(a,b)}catch(a){d("WALogger").ERROR(l()).devConsole(a)}return d("WAWebRevokeMsgAction").sendRevoke({type:"message",data:a},b,e)});return function(b){return a.apply(this,arguments)}}());return f.promises.sendRevokeMsgs=(i||(i=b("Promise"))).all(a)["finally"](function(){f.promises.sendRevokeMsgs=null})}", source: pptr:evaluate;Whatsapp.initService%20(C%3A%5CUsers%5CCamilo%5CDesktop%5CBotMTS%5Cnode_modules%5Cvenom-bot%5Cdist%5Capi%5Cwhatsapp.js%3A80%3A29) (1)
[0731/234932.073:INFO:CONSOLE(1)] "[object Object]", source: pptr:evaluate;Whatsapp.initService%20(C%3A%5CUsers%5CCamilo%5CDesktop%5CBotMTS%5Cnode_modules%5Cvenom-bot%5Cdist%5Capi%5Cwhatsapp.js%3A80%3A29) (1)
[0731/234932.073:INFO:CONSOLE(1)] "[object Object]", source: pptr:evaluate;Whatsapp.initService%20(C%3A%5CUsers%5CCamilo%5CDesktop%5CBotMTS%5Cnode_modules%5Cvenom-bot%5Cdist%5Capi%5Cwhatsapp.js%3A80%3A29) (1)
[0731/234932.074:INFO:CONSOLE(1)] "[object Object]", source: pptr:evaluate;Whatsapp.initService%20(C%3A%5CUsers%5CCamilo%5CDesktop%5CBotMTS%5Cnode_modules%5Cvenom-bot%5Cdist%5Capi%5Cwhatsapp.js%3A80%3A29) (1)
[0731/234932.075:INFO:CONSOLE(1)] "[object Object]", source: pptr:evaluate;Whatsapp.initService%20(C%3A%5CUsers%5CCamilo%5CDesktop%5CBotMTS%5Cnode_modules%5Cvenom-bot%5Cdist%5Capi%5Cwhatsapp.js%3A80%3A29) (1)
[0731/234932.077:INFO:CONSOLE(1)] "[object Object]", source: pptr:evaluate;Whatsapp.initService%20(C%3A%5CUsers%5CCamilo%5CDesktop%5CBotMTS%5Cnode_modules%5Cvenom-bot%5Cdist%5Capi%5Cwhatsapp.js%3A80%3A29) (1)
[0731/234932.084:INFO:CONSOLE(1)] "[object Object]", source: pptr:evaluate;Whatsapp.initService%20(C%3A%5CUsers%5CCamilo%5CDesktop%5CBotMTS%5Cnode_modules%5Cvenom-bot%5Cdist%5Capi%5Cwhatsapp.js%3A80%3A29) (1)
[0731/234932.084:INFO:CONSOLE(1)] "[object Object]", source: pptr:evaluate;Whatsapp.initService%20(C%3A%5CUsers%5CCamilo%5CDesktop%5CBotMTS%5Cnode_modules%5Cvenom-bot%5Cdist%5Capi%5Cwhatsapp.js%3A80%3A29) (1)
[0731/234932.095:INFO:CONSOLE(1)] "[object Object]", source: pptr:evaluate;Whatsapp.initService%20(C%3A%5CUsers%5CCamilo%5CDesktop%5CBotMTS%5Cnode_modules%5Cvenom-bot%5Cdist%5Capi%5Cwhatsapp.js%3A80%3A29) (1)
[0731/234932.095:INFO:CONSOLE(1)] "[object Object]", source: pptr:evaluate;Whatsapp.initService%20(C%3A%5CUsers%5CCamilo%5CDesktop%5CBotMTS%5Cnode_modules%5Cvenom-bot%5Cdist%5Capi%5Cwhatsapp.js%3A80%3A29) (1)
[0731/234932.099:INFO:CONSOLE(1)] "TemplateButtonCollection", source: pptr:evaluate;Whatsapp.initService%20(C%3A%5CUsers%5CCamilo%5CDesktop%5CBotMTS%5Cnode_modules%5Cvenom-bot%5Cdist%5Capi%5Cwhatsapp.js%3A80%3A29) (1)
[0731/234932.100:INFO:CONSOLE(1)] "function b(){return a.apply(this,arguments)||this}", source: pptr:evaluate;Whatsapp.initService%20(C%3A%5CUsers%5CCamilo%5CDesktop%5CBotMTS%5Cnode_modules%5Cvenom-bot%5Cdist%5Capi%5Cwhatsapp.js%3A80%3A29) (1)
[0731/234932.100:INFO:CONSOLE(1)] "ButtonCollection", source: pptr:evaluate;Whatsapp.initService%20(C%3A%5CUsers%5CCamilo%5CDesktop%5CBotMTS%5Cnode_modules%5Cvenom-bot%5Cdist%5Capi%5Cwhatsapp.js%3A80%3A29) (1)
[0731/234932.100:INFO:CONSOLE(1)] "function b(){return a.apply(this,arguments)||this}", source: pptr:evaluate;Whatsapp.initService%20(C%3A%5CUsers%5CCamilo%5CDesktop%5CBotMTS%5Cnode_modules%5Cvenom-bot%5Cdist%5Capi%5Cwhatsapp.js%3A80%3A29) (1)
[0731/234932.100:INFO:CONSOLE(1)] "MediaCollection", source: pptr:evaluate;Whatsapp.initService%20(C%3A%5CUsers%5CCamilo%5CDesktop%5CBotMTS%5Cnode_modules%5Cvenom-bot%5Cdist%5Capi%5Cwhatsapp.js%3A80%3A29) (1)
[0731/234932.100:INFO:CONSOLE(1)] "function e(b){var e;b=b.chatParticipantCount;e=a.call(this)||this;e.errorMsgs=null;e.ignored=0;e.mediaPickerStatsLogger=new(d("WAWebWamMediaPickerStatsLogger").MediaPickerStatsLogger)();e.selection=new(c("WAWebSingleSelection"))([],function(a){return a.id},"prev");e.isStickerMaker=!1;e.mediaPickerStatsLogger.chatRecipients=b;e.listenTo(e.selection,"all",e.$AttachMediaCollection1.bind(babelHelpers.assertThisInitialized(e)));return e}", source: pptr:evaluate;Whatsapp.initService%20(C%3A%5CUsers%5CCamilo%5CDesktop%5CBotMTS%5Cnode_modules%5Cvenom-bot%5Cdist%5Capi%5Cwhatsapp.js%3A80%3A29) (1)
[0731/234932.100:INFO:CONSOLE(1)] "MediaProcess", source: pptr:evaluate;Whatsapp.initService%20(C%3A%5CUsers%5CCamilo%5CDesktop%5CBotMTS%5Cnode_modules%5Cvenom-bot%5Cdist%5Capi%5Cwhatsapp.js%3A80%3A29) (1)
[0731/234932.100:INFO:CONSOLE(1)] "[object Object]", source: pptr:evaluate;Whatsapp.initService%20(C%3A%5CUsers%5CCamilo%5CDesktop%5CBotMTS%5Cnode_modules%5Cvenom-bot%5Cdist%5Capi%5Cwhatsapp.js%3A80%3A29) (1)
[0731/234932.100:INFO:CONSOLE(1)] "ChatUtil", source: pptr:evaluate;Whatsapp.initService%20(C%3A%5CUsers%5CCamilo%5CDesktop%5CBotMTS%5Cnode_modules%5Cvenom-bot%5Cdist%5Capi%5Cwhatsapp.js%3A80%3A29) (1)
[0731/234932.100:INFO:CONSOLE(1)] "[object Object]", source: pptr:evaluate;Whatsapp.initService%20(C%3A%5CUsers%5CCamilo%5CDesktop%5CBotMTS%5Cnode_modules%5Cvenom-bot%5Cdist%5Capi%5Cwhatsapp.js%3A80%3A29) (1)
[0731/234932.100:INFO:CONSOLE(1)] "GroupInvite", source: pptr:evaluate;Whatsapp.initService%20(C%3A%5CUsers%5CCamilo%5CDesktop%5CBotMTS%5Cnode_modules%5Cvenom-bot%5Cdist%5Capi%5Cwhatsapp.js%3A80%3A29) (1)
[0731/234932.100:INFO:CONSOLE(1)] "[object Object]", source: pptr:evaluate;Whatsapp.initService%20(C%3A%5CUsers%5CCamilo%5CDesktop%5CBotMTS%5Cnode_modules%5Cvenom-bot%5Cdist%5Capi%5Cwhatsapp.js%3A80%3A29) (1)
[0731/234932.100:INFO:CONSOLE(1)] "Wap", source: pptr:evaluate;Whatsapp.initService%20(C%3A%5CUsers%5CCamilo%5CDesktop%5CBotMTS%5Cnode_modules%5Cvenom-bot%5Cdist%5Capi%5Cwhatsapp.js%3A80%3A29) (1)
[0731/234932.100:INFO:CONSOLE(1)] "[object Object]", source: pptr:evaluate;Whatsapp.initService%20(C%3A%5CUsers%5CCamilo%5CDesktop%5CBotMTS%5Cnode_modules%5Cvenom-bot%5Cdist%5Capi%5Cwhatsapp.js%3A80%3A29) (1)
[0731/234932.100:INFO:CONSOLE(1)] "UserConstructor", source: pptr:evaluate;Whatsapp.initService%20(C%3A%5CUsers%5CCamilo%5CDesktop%5CBotMTS%5Cnode_modules%5Cvenom-bot%5Cdist%5Capi%5Cwhatsapp.js%3A80%3A29) (1)
[0731/234932.100:INFO:CONSOLE(1)] "function a(a,b){b=b.intentionallyUsePrivateConstructor;if(!b)throw c("err")("You should use WidFactory.createWid() instead of the Wid constructor. If you absolutely must use the constructor, pass {intentionallyUsePrivateConstructor: true} as a second parameter.");b=d("WAWebWidValidator").validateAndGetParts(a,d("WAWebBizCoexGatingUtils").bizHostedDevicesEnabled());if(b==null){d("WALogger").LOG(m(),a);throw c("err")("wid error: invalid wid")}var e=[],f=b.userPart,g=b.devicePart;b=b.serverPart.toLowerCase();var h;switch(b){case"s.whatsapp.net":h="c.us";break;default:h=b;break}this.server=h;if(f==null){d("WALogger").LOG(l(),a);throw c("err")("wid error: wid represents server and should not be used")}this.user=f;e.push(this.user);if(g!=null){if(this.server!=="c.us"&&this.server!=="lid"&&this.server!=="hosted"&&this.server!=="hosted.lid"&&this.server!=="bot"){d("WALogger").LOG(k(),a);throw c("err")("wid error: wrong server for wid with device present")}b=parseInt(g,10);b&&(e.push(":"),e.push(b),this.device=b)}if(d("WAWebBizCoexGatingUtils").bizHostedDevicesEnabled()&&(this.isHosted()&&(this.device==null||this.device!==s))){d("WALogger").LOG(j());throw c("err")("wid error: unexpected device id in hosted wid")}e.push("@");e.push(this.server);this._serialized=e.join("")}", source: pptr:evaluate;Whatsapp.initService%20(C%3A%5CUsers%5CCamilo%5CDesktop%5CBotMTS%5Cnode_modules%5Cvenom-bot%5Cdist%5Capi%5Cwhatsapp.js%3A80%3A29) (1)
[0731/234932.100:INFO:CONSOLE(1)] "SendTextMsgToChat", source: pptr:evaluate;Whatsapp.initService%20(C%3A%5CUsers%5CCamilo%5CDesktop%5CBotMTS%5Cnode_modules%5Cvenom-bot%5Cdist%5Capi%5Cwhatsapp.js%3A80%3A29) (1)
[0731/234932.100:INFO:CONSOLE(1)] "function a(a,b,c){return h.apply(this,arguments)}", source: pptr:evaluate;Whatsapp.initService%20(C%3A%5CUsers%5CCamilo%5CDesktop%5CBotMTS%5Cnode_modules%5Cvenom-bot%5Cdist%5Capi%5Cwhatsapp.js%3A80%3A29) (1)
[0731/234932.100:INFO:CONSOLE(1)] "Archive", source: pptr:evaluate;Whatsapp.initService%20(C%3A%5CUsers%5CCamilo%5CDesktop%5CBotMTS%5Cnode_modules%5Cvenom-bot%5Cdist%5Capi%5Cwhatsapp.js%3A80%3A29) (1)
[0731/234932.101:INFO:CONSOLE(1)] "[object Object]", source: pptr:evaluate;Whatsapp.initService%20(C%3A%5CUsers%5CCamilo%5CDesktop%5CBotMTS%5Cnode_modules%5Cvenom-bot%5Cdist%5Capi%5Cwhatsapp.js%3A80%3A29) (1)
[0731/234932.101:INFO:CONSOLE(1)] "pinChat", source: pptr:evaluate;Whatsapp.initService%20(C%3A%5CUsers%5CCamilo%5CDesktop%5CBotMTS%5Cnode_modules%5Cvenom-bot%5Cdist%5Capi%5Cwhatsapp.js%3A80%3A29) (1)
[0731/234932.101:INFO:CONSOLE(1)] "[object Object]", source: pptr:evaluate;Whatsapp.initService%20(C%3A%5CUsers%5CCamilo%5CDesktop%5CBotMTS%5Cnode_modules%5Cvenom-bot%5Cdist%5Capi%5Cwhatsapp.js%3A80%3A29) (1)
[0731/234932.101:INFO:CONSOLE(1)] "sendDelete", source: pptr:evaluate;Whatsapp.initService%20(C%3A%5CUsers%5CCamilo%5CDesktop%5CBotMTS%5Cnode_modules%5Cvenom-bot%5Cdist%5Capi%5Cwhatsapp.js%3A80%3A29) (1)
[0731/234932.101:INFO:CONSOLE(1)] "function a(a){return o(d("WAWebStateUtils").unproxy(a))}", source: pptr:evaluate;Whatsapp.initService%20(C%3A%5CUsers%5CCamilo%5CDesktop%5CBotMTS%5Cnode_modules%5Cvenom-bot%5Cdist%5Capi%5Cwhatsapp.js%3A80%3A29) (1)
[0731/234932.101:INFO:CONSOLE(1)] "addAndSendMsgToChat", source: pptr:evaluate;Whatsapp.initService%20(C%3A%5CUsers%5CCamilo%5CDesktop%5CBotMTS%5Cnode_modules%5Cvenom-bot%5Cdist%5Capi%5Cwhatsapp.js%3A80%3A29) (1)
[0731/234932.101:INFO:CONSOLE(1)] "function a(a,b,c){return i(d("WAWebStateUtils").unproxy(a),b,c)}", source: pptr:evaluate;Whatsapp.initService%20(C%3A%5CUsers%5CCamilo%5CDesktop%5CBotMTS%5Cnode_modules%5Cvenom-bot%5Cdist%5Capi%5Cwhatsapp.js%3A80%3A29) (1)
[0731/234932.101:INFO:CONSOLE(1)] "MsgKey", source: pptr:evaluate;Whatsapp.initService%20(C%3A%5CUsers%5CCamilo%5CDesktop%5CBotMTS%5Cnode_modules%5Cvenom-bot%5Cdist%5Capi%5Cwhatsapp.js%3A80%3A29) (1)
[0731/234932.101:INFO:CONSOLE(1)] "function a(b){b=b;if(!b)throw c("err")("MsgKey error: obj is null/undefined");b.id instanceof a&&(b=b.id,d("WALogger").WARN(o()));var e=b.from&&b.to&&b.id,f=b.fromMe!==void 0&&b.remote&&b.id,g,h,i,p,q,r,s,t=d("WAWebUserPrefsMeUser").getMaybeMeUser();if(!t)throw c("err")("MsgKey error: me is undefined. Running tests? Call setupGlobalsForTests first.");else if(e&&f){d("WALogger").WARN(n(),JSON.stringify(b));throw c("err")("MsgKey error: unclear which constructor to use")}else if(!e&&!f){d("WALogger").WARN(m(),JSON.stringify(b));throw c("err")("MsgKey error: don't have a matching constructor")}else if(e){e=b;g=e.from;h=e.to;i=e.id;p=e.participant;q=e.selfDir;if(!(g instanceof c("WAWebWid"))||!(h instanceof c("WAWebWid"))||p&&!(p instanceof c("WAWebWid"))){d("WALogger").WARN(l(),String(g),String(h),String(p));throw c("err")("MsgKey error: something is not a wid")}e=c("WAWebWid").equals(g,h);q=e?q:void 0;e&&d("WAWebUserPrefsMeUser").isMePrimary(g)?(r=q==="out",s=t):d("WAWebUserPrefsMeUser").isMePrimary(g)?(r=!0,s=h):d("WAWebUserPrefsMeUser").isMePrimary(h)?(r=!1,s=g):e&&(c("WAWebWid").isGroup(g)||c("WAWebWid").isBroadcast(g))?(r=!0,s=g):d("WALogger").WARN(k(),[g,h,i,t].join());r!==void 0&&(this.fromMe=r);s&&(this.remote=s);i&&(this.id=i)}else if(f){e=b;r=e.fromMe;s=e.remote;i=e.id;p=e.participant;if(!(s instanceof c("WAWebWid"))||p&&!(p instanceof c("WAWebWid"))){d("WALogger").WARN(j(),String(s),String(p));throw c("err")("MsgKey error: something is not a wid")}d("WAWebUserPrefsMeUser").isMePrimary(s)&&(q=r===!0?"out":"in");r!==void 0&&(this.fromMe=r);s&&(this.remote=s);i&&(this.id=i)}g=[this.fromMe,this.remote,this.id];q!==void 0&&(this.self=q,g.push(this.self));p!==void 0&&(this.participant=p,g.push(this.participant));this._serialized=g.join("_")}", source: pptr:evaluate;Whatsapp.initService%20(C%3A%5CUsers%5CCamilo%5CDesktop%5CBotMTS%5Cnode_modules%5Cvenom-bot%5Cdist%5Capi%5Cwhatsapp.js%3A80%3A29) (1)
[0731/234932.101:INFO:CONSOLE(1)] "Parser", source: pptr:evaluate;Whatsapp.initService%20(C%3A%5CUsers%5CCamilo%5CDesktop%5CBotMTS%5Cnode_modules%5Cvenom-bot%5Cdist%5Capi%5Cwhatsapp.js%3A80%3A29) (1)
[0731/234932.101:INFO:CONSOLE(1)] "[object Object]", source: pptr:evaluate;Whatsapp.initService%20(C%3A%5CUsers%5CCamilo%5CDesktop%5CBotMTS%5Cnode_modules%5Cvenom-bot%5Cdist%5Capi%5Cwhatsapp.js%3A80%3A29) (1)
[0731/234932.101:INFO:CONSOLE(1)] "MyStatus", source: pptr:evaluate;Whatsapp.initService%20(C%3A%5CUsers%5CCamilo%5CDesktop%5CBotMTS%5Cnode_modules%5Cvenom-bot%5Cdist%5Capi%5Cwhatsapp.js%3A80%3A29) (1)
[0731/234932.101:INFO:CONSOLE(1)] "[object Object]", source: pptr:evaluate;Whatsapp.initService%20(C%3A%5CUsers%5CCamilo%5CDesktop%5CBotMTS%5Cnode_modules%5Cvenom-bot%5Cdist%5Capi%5Cwhatsapp.js%3A80%3A29) (1)
[0731/234932.101:INFO:CONSOLE(1)] "ChatStates", source: pptr:evaluate;Whatsapp.initService%20(C%3A%5CUsers%5CCamilo%5CDesktop%5CBotMTS%5Cnode_modules%5Cvenom-bot%5Cdist%5Capi%5Cwhatsapp.js%3A80%3A29) (1)
[0731/234932.101:INFO:CONSOLE(1)] "[object Object]", source: pptr:evaluate;Whatsapp.initService%20(C%3A%5CUsers%5CCamilo%5CDesktop%5CBotMTS%5Cnode_modules%5Cvenom-bot%5Cdist%5Capi%5Cwhatsapp.js%3A80%3A29) (1)
[0731/234932.101:INFO:CONSOLE(1)] "WidFactory", source: pptr:evaluate;Whatsapp.initService%20(C%3A%5CUsers%5CCamilo%5CDesktop%5CBotMTS%5Cnode_modules%5Cvenom-bot%5Cdist%5Capi%5Cwhatsapp.js%3A80%3A29) (1)
[0731/234932.101:INFO:CONSOLE(1)] "[object Object]", source: pptr:evaluate;Whatsapp.initService%20(C%3A%5CUsers%5CCamilo%5CDesktop%5CBotMTS%5Cnode_modules%5Cvenom-bot%5Cdist%5Capi%5Cwhatsapp.js%3A80%3A29) (1)
[0731/234932.101:INFO:CONSOLE(1)] "MaybeMeUser", source: pptr:evaluate;Whatsapp.initService%20(C%3A%5CUsers%5CCamilo%5CDesktop%5CBotMTS%5Cnode_modules%5Cvenom-bot%5Cdist%5Capi%5Cwhatsapp.js%3A80%3A29) (1)
[0731/234932.101:INFO:CONSOLE(1)] "[object Object]", source: pptr:evaluate;Whatsapp.initService%20(C%3A%5CUsers%5CCamilo%5CDesktop%5CBotMTS%5Cnode_modules%5Cvenom-bot%5Cdist%5Capi%5Cwhatsapp.js%3A80%3A29) (1)
[0731/234932.102:INFO:CONSOLE(1)] "Sticker", source: pptr:evaluate;Whatsapp.initService%20(C%3A%5CUsers%5CCamilo%5CDesktop%5CBotMTS%5Cnode_modules%5Cvenom-bot%5Cdist%5Capi%5Cwhatsapp.js%3A80%3A29) (1)
[0731/234932.102:INFO:CONSOLE(1)] "[object Object]", source: pptr:evaluate;Whatsapp.initService%20(C%3A%5CUsers%5CCamilo%5CDesktop%5CBotMTS%5Cnode_modules%5Cvenom-bot%5Cdist%5Capi%5Cwhatsapp.js%3A80%3A29) (1)
[0731/234932.102:INFO:CONSOLE(1)] "MediaObject", source: pptr:evaluate;Whatsapp.initService%20(C%3A%5CUsers%5CCamilo%5CDesktop%5CBotMTS%5Cnode_modules%5Cvenom-bot%5Cdist%5Capi%5Cwhatsapp.js%3A80%3A29) (1)
[0731/234932.102:INFO:CONSOLE(1)] "[object Object]", source: pptr:evaluate;Whatsapp.initService%20(C%3A%5CUsers%5CCamilo%5CDesktop%5CBotMTS%5Cnode_modules%5Cvenom-bot%5Cdist%5Capi%5Cwhatsapp.js%3A80%3A29) (1)
[0731/234932.102:INFO:CONSOLE(1)] "UploadUtils", source: pptr:evaluate;Whatsapp.initService%20(C%3A%5CUsers%5CCamilo%5CDesktop%5CBotMTS%5Cnode_modules%5Cvenom-bot%5Cdist%5Capi%5Cwhatsapp.js%3A80%3A29) (1)
[0731/234932.102:INFO:CONSOLE(1)] "[object Object]", source: pptr:evaluate;Whatsapp.initService%20(C%3A%5CUsers%5CCamilo%5CDesktop%5CBotMTS%5Cnode_modules%5Cvenom-bot%5Cdist%5Capi%5Cwhatsapp.js%3A80%3A29) (1)
[0731/234932.102:INFO:CONSOLE(1)] "Cmd", source: pptr:evaluate;Whatsapp.initService%20(C%3A%5CUsers%5CCamilo%5CDesktop%5CBotMTS%5Cnode_modules%5Cvenom-bot%5Cdist%5Capi%5Cwhatsapp.js%3A80%3A29) (1)
[0731/234932.102:INFO:CONSOLE(1)] "[object Object]", source: pptr:evaluate;Whatsapp.initService%20(C%3A%5CUsers%5CCamilo%5CDesktop%5CBotMTS%5Cnode_modules%5Cvenom-bot%5Cdist%5Capi%5Cwhatsapp.js%3A80%3A29) (1)
[0731/234932.102:INFO:CONSOLE(1)] "ReadSeen", source: pptr:evaluate;Whatsapp.initService%20(C%3A%5CUsers%5CCamilo%5CDesktop%5CBotMTS%5Cnode_modules%5Cvenom-bot%5Cdist%5Capi%5Cwhatsapp.js%3A80%3A29) (1)
[0731/234932.102:INFO:CONSOLE(1)] "[object Object]", source: pptr:evaluate;Whatsapp.initService%20(C%3A%5CUsers%5CCamilo%5CDesktop%5CBotMTS%5Cnode_modules%5Cvenom-bot%5Cdist%5Capi%5Cwhatsapp.js%3A80%3A29) (1)
[0731/234932.102:INFO:CONSOLE(1)] "Block", source: pptr:evaluate;Whatsapp.initService%20(C%3A%5CUsers%5CCamilo%5CDesktop%5CBotMTS%5Cnode_modules%5Cvenom-bot%5Cdist%5Capi%5Cwhatsapp.js%3A80%3A29) (1)
[0731/234932.102:INFO:CONSOLE(1)] "[object Object]", source: pptr:evaluate;Whatsapp.initService%20(C%3A%5CUsers%5CCamilo%5CDesktop%5CBotMTS%5Cnode_modules%5Cvenom-bot%5Cdist%5Capi%5Cwhatsapp.js%3A80%3A29) (1)
[0731/234932.102:INFO:CONSOLE(1)] "BlockList", source: pptr:evaluate;Whatsapp.initService%20(C%3A%5CUsers%5CCamilo%5CDesktop%5CBotMTS%5Cnode_modules%5Cvenom-bot%5Cdist%5Capi%5Cwhatsapp.js%3A80%3A29) (1)
[0731/234932.102:INFO:CONSOLE(1)] "[object Object]", source: pptr:evaluate;Whatsapp.initService%20(C%3A%5CUsers%5CCamilo%5CDesktop%5CBotMTS%5Cnode_modules%5Cvenom-bot%5Cdist%5Capi%5Cwhatsapp.js%3A80%3A29) (1)
[0731/234932.102:INFO:CONSOLE(1)] "Theme", source: pptr:evaluate;Whatsapp.initService%20(C%3A%5CUsers%5CCamilo%5CDesktop%5CBotMTS%5Cnode_modules%5Cvenom-bot%5Cdist%5Capi%5Cwhatsapp.js%3A80%3A29) (1)
[0731/234932.103:INFO:CONSOLE(1)] "[object Object]", source: pptr:evaluate;Whatsapp.initService%20(C%3A%5CUsers%5CCamilo%5CDesktop%5CBotMTS%5Cnode_modules%5Cvenom-bot%5Cdist%5Capi%5Cwhatsapp.js%3A80%3A29) (1)
[0731/234932.103:INFO:CONSOLE(1)] "Vcard", source: pptr:evaluate;Whatsapp.initService%20(C%3A%5CUsers%5CCamilo%5CDesktop%5CBotMTS%5Cnode_modules%5Cvenom-bot%5Cdist%5Capi%5Cwhatsapp.js%3A80%3A29) (1)
[0731/234932.103:INFO:CONSOLE(1)] "[object Object]", source: pptr:evaluate;Whatsapp.initService%20(C%3A%5CUsers%5CCamilo%5CDesktop%5CBotMTS%5Cnode_modules%5Cvenom-bot%5Cdist%5Capi%5Cwhatsapp.js%3A80%3A29) (1)
[0731/234932.103:INFO:CONSOLE(1)] "Profile", source: pptr:evaluate;Whatsapp.initService%20(C%3A%5CUsers%5CCamilo%5CDesktop%5CBotMTS%5Cnode_modules%5Cvenom-bot%5Cdist%5Capi%5Cwhatsapp.js%3A80%3A29) (1)
[0731/234932.103:INFO:CONSOLE(1)] "[object Object]", source: pptr:evaluate;Whatsapp.initService%20(C%3A%5CUsers%5CCamilo%5CDesktop%5CBotMTS%5Cnode_modules%5Cvenom-bot%5Cdist%5Capi%5Cwhatsapp.js%3A80%3A29) (1)
[0731/234932.103:INFO:CONSOLE(1)] "SendMute", source: pptr:evaluate;Whatsapp.initService%20(C%3A%5CUsers%5CCamilo%5CDesktop%5CBotMTS%5Cnode_modules%5Cvenom-bot%5Cdist%5Capi%5Cwhatsapp.js%3A80%3A29) (1)
[0731/234932.103:INFO:CONSOLE(1)] "[object Object]", source: pptr:evaluate;Whatsapp.initService%20(C%3A%5CUsers%5CCamilo%5CDesktop%5CBotMTS%5Cnode_modules%5Cvenom-bot%5Cdist%5Capi%5Cwhatsapp.js%3A80%3A29) (1)
[0731/234932.103:INFO:CONSOLE(1)] "Validators", source: pptr:evaluate;Whatsapp.initService%20(C%3A%5CUsers%5CCamilo%5CDesktop%5CBotMTS%5Cnode_modules%5Cvenom-bot%5Cdist%5Capi%5Cwhatsapp.js%3A80%3A29) (1)
[0731/234932.103:INFO:CONSOLE(1)] "[object Object]", source: pptr:evaluate;Whatsapp.initService%20(C%3A%5CUsers%5CCamilo%5CDesktop%5CBotMTS%5Cnode_modules%5Cvenom-bot%5Cdist%5Capi%5Cwhatsapp.js%3A80%3A29) (1)
[0731/234932.103:INFO:CONSOLE(1)] "genId", source: pptr:evaluate;Whatsapp.initService%20(C%3A%5CUsers%5CCamilo%5CDesktop%5CBotMTS%5Cnode_modules%5Cvenom-bot%5Cdist%5Capi%5Cwhatsapp.js%3A80%3A29) (1)
[0731/234932.103:INFO:CONSOLE(1)] "[object Object]", source: pptr:evaluate;Whatsapp.initService%20(C%3A%5CUsers%5CCamilo%5CDesktop%5CBotMTS%5Cnode_modules%5Cvenom-bot%5Cdist%5Capi%5Cwhatsapp.js%3A80%3A29) (1)
[0731/234932.103:INFO:CONSOLE(1)] "Stream", source: pptr:evaluate;Whatsapp.initService%20(C%3A%5CUsers%5CCamilo%5CDesktop%5CBotMTS%5Cnode_modules%5Cvenom-bot%5Cdist%5Capi%5Cwhatsapp.js%3A80%3A29) (1)
[0731/234932.103:INFO:CONSOLE(1)] "[object Object]", source: pptr:evaluate;Whatsapp.initService%20(C%3A%5CUsers%5CCamilo%5CDesktop%5CBotMTS%5Cnode_modules%5Cvenom-bot%5Cdist%5Capi%5Cwhatsapp.js%3A80%3A29) (1)
[0731/234932.104:INFO:CONSOLE(1)] "State", source: pptr:evaluate;Whatsapp.initService%20(C%3A%5CUsers%5CCamilo%5CDesktop%5CBotMTS%5Cnode_modules%5Cvenom-bot%5Cdist%5Capi%5Cwhatsapp.js%3A80%3A29) (1)
[0731/234932.104:INFO:CONSOLE(1)] "[object Object]", source: pptr:evaluate;Whatsapp.initService%20(C%3A%5CUsers%5CCamilo%5CDesktop%5CBotMTS%5Cnode_modules%5Cvenom-bot%5Cdist%5Capi%5Cwhatsapp.js%3A80%3A29) (1)
[0731/234932.104:INFO:CONSOLE(1)] "Login", source: pptr:evaluate;Whatsapp.initService%20(C%3A%5CUsers%5CCamilo%5CDesktop%5CBotMTS%5Cnode_modules%5Cvenom-bot%5Cdist%5Capi%5Cwhatsapp.js%3A80%3A29) (1)
[0731/234932.104:INFO:CONSOLE(1)] "[object Object]", source: pptr:evaluate;Whatsapp.initService%20(C%3A%5CUsers%5CCamilo%5CDesktop%5CBotMTS%5Cnode_modules%5Cvenom-bot%5Cdist%5Capi%5Cwhatsapp.js%3A80%3A29) (1)
[0731/234932.104:INFO:CONSOLE(1)] "Presence", source: pptr:evaluate;Whatsapp.initService%20(C%3A%5CUsers%5CCamilo%5CDesktop%5CBotMTS%5Cnode_modules%5Cvenom-bot%5Cdist%5Capi%5Cwhatsapp.js%3A80%3A29) (1)
[0731/234932.104:INFO:CONSOLE(1)] "[object Object]", source: pptr:evaluate;Whatsapp.initService%20(C%3A%5CUsers%5CCamilo%5CDesktop%5CBotMTS%5Cnode_modules%5Cvenom-bot%5Cdist%5Capi%5Cwhatsapp.js%3A80%3A29) (1)
[0731/234932.104:INFO:CONSOLE(1)] "PresenceCollection", source: pptr:evaluate;Whatsapp.initService%20(C%3A%5CUsers%5CCamilo%5CDesktop%5CBotMTS%5Cnode_modules%5Cvenom-bot%5Cdist%5Capi%5Cwhatsapp.js%3A80%3A29) (1)
[0731/234932.104:INFO:CONSOLE(1)] "[object Object]", source: pptr:evaluate;Whatsapp.initService%20(C%3A%5CUsers%5CCamilo%5CDesktop%5CBotMTS%5Cnode_modules%5Cvenom-bot%5Cdist%5Capi%5Cwhatsapp.js%3A80%3A29) (1)
[0731/234932.104:INFO:CONSOLE(1)] "blob", source: pptr:evaluate;Whatsapp.initService%20(C%3A%5CUsers%5CCamilo%5CDesktop%5CBotMTS%5Cnode_modules%5Cvenom-bot%5Cdist%5Capi%5Cwhatsapp.js%3A80%3A29) (1)
[0731/234932.104:INFO:CONSOLE(1)] "[object Object]", source: pptr:evaluate;Whatsapp.initService%20(C%3A%5CUsers%5CCamilo%5CDesktop%5CBotMTS%5Cnode_modules%5Cvenom-bot%5Cdist%5Capi%5Cwhatsapp.js%3A80%3A29) (1)
[0731/234932.104:INFO:CONSOLE(1)] "infoGroup", source: pptr:evaluate;Whatsapp.initService%20(C%3A%5CUsers%5CCamilo%5CDesktop%5CBotMTS%5Cnode_modules%5Cvenom-bot%5Cdist%5Capi%5Cwhatsapp.js%3A80%3A29) (1)
[0731/234932.104:INFO:CONSOLE(1)] "[object Object]", source: pptr:evaluate;Whatsapp.initService%20(C%3A%5CUsers%5CCamilo%5CDesktop%5CBotMTS%5Cnode_modules%5Cvenom-bot%5Cdist%5Capi%5Cwhatsapp.js%3A80%3A29) (1)
[0731/234932.104:INFO:CONSOLE(1)] "SetStatusChat", source: pptr:evaluate;Whatsapp.initService%20(C%3A%5CUsers%5CCamilo%5CDesktop%5CBotMTS%5Cnode_modules%5Cvenom-bot%5Cdist%5Capi%5Cwhatsapp.js%3A80%3A29) (1)
[0731/234932.104:INFO:CONSOLE(1)] "[object Object]", source: pptr:evaluate;Whatsapp.initService%20(C%3A%5CUsers%5CCamilo%5CDesktop%5CBotMTS%5Cnode_modules%5Cvenom-bot%5Cdist%5Capi%5Cwhatsapp.js%3A80%3A29) (1)
[0731/234932.104:INFO:CONSOLE(1)] "Reactions", source: pptr:evaluate;Whatsapp.initService%20(C%3A%5CUsers%5CCamilo%5CDesktop%5CBotMTS%5Cnode_modules%5Cvenom-bot%5Cdist%5Capi%5Cwhatsapp.js%3A80%3A29) (1)
[0731/234932.104:INFO:CONSOLE(1)] "[object Object]", source: pptr:evaluate;Whatsapp.initService%20(C%3A%5CUsers%5CCamilo%5CDesktop%5CBotMTS%5Cnode_modules%5Cvenom-bot%5Cdist%5Capi%5Cwhatsapp.js%3A80%3A29) (1)
[0731/234932.104:INFO:CONSOLE(1)] "CheckWid", source: pptr:evaluate;Whatsapp.initService%20(C%3A%5CUsers%5CCamilo%5CDesktop%5CBotMTS%5Cnode_modules%5Cvenom-bot%5Cdist%5Capi%5Cwhatsapp.js%3A80%3A29) (1)
[0731/234932.104:INFO:CONSOLE(1)] "[object Object]", source: pptr:evaluate;Whatsapp.initService%20(C%3A%5CUsers%5CCamilo%5CDesktop%5CBotMTS%5Cnode_modules%5Cvenom-bot%5Cdist%5Capi%5Cwhatsapp.js%3A80%3A29) (1)
[0731/234932.105:INFO:CONSOLE(1)] "ProfileBusiness", source: pptr:evaluate;Whatsapp.initService%20(C%3A%5CUsers%5CCamilo%5CDesktop%5CBotMTS%5Cnode_modules%5Cvenom-bot%5Cdist%5Capi%5Cwhatsapp.js%3A80%3A29) (1)
[0731/234932.105:INFO:CONSOLE(1)] "[object Object]", source: pptr:evaluate;Whatsapp.initService%20(C%3A%5CUsers%5CCamilo%5CDesktop%5CBotMTS%5Cnode_modules%5Cvenom-bot%5Cdist%5Capi%5Cwhatsapp.js%3A80%3A29) (1)
[0731/234932.105:INFO:CONSOLE(1)] "Contacts", source: pptr:evaluate;Whatsapp.initService%20(C%3A%5CUsers%5CCamilo%5CDesktop%5CBotMTS%5Cnode_modules%5Cvenom-bot%5Cdist%5Capi%5Cwhatsapp.js%3A80%3A29) (1)
[0731/234932.105:INFO:CONSOLE(1)] "[object Object]", source: pptr:evaluate;Whatsapp.initService%20(C%3A%5CUsers%5CCamilo%5CDesktop%5CBotMTS%5Cnode_modules%5Cvenom-bot%5Cdist%5Capi%5Cwhatsapp.js%3A80%3A29) (1)
[0731/234932.105:INFO:CONSOLE(1)] "onlySendAdmin", source: pptr:evaluate;Whatsapp.initService%20(C%3A%5CUsers%5CCamilo%5CDesktop%5CBotMTS%5Cnode_modules%5Cvenom-bot%5Cdist%5Capi%5Cwhatsapp.js%3A80%3A29) (1)
[0731/234932.105:INFO:CONSOLE(1)] "[object Object]", source: pptr:evaluate;Whatsapp.initService%20(C%3A%5CUsers%5CCamilo%5CDesktop%5CBotMTS%5Cnode_modules%5Cvenom-bot%5Cdist%5Capi%5Cwhatsapp.js%3A80%3A29) (1)
[0731/234932.105:INFO:CONSOLE(1)] "SendCommunity", source: pptr:evaluate;Whatsapp.initService%20(C%3A%5CUsers%5CCamilo%5CDesktop%5CBotMTS%5Cnode_modules%5Cvenom-bot%5Cdist%5Capi%5Cwhatsapp.js%3A80%3A29) (1)
[0731/234932.105:INFO:CONSOLE(1)] "[object Object]", source: pptr:evaluate;Whatsapp.initService%20(C%3A%5CUsers%5CCamilo%5CDesktop%5CBotMTS%5Cnode_modules%5Cvenom-bot%5Cdist%5Capi%5Cwhatsapp.js%3A80%3A29) (1)
[0731/234932.105:INFO:CONSOLE(1)] "Websocket", source: pptr:evaluate;Whatsapp.initService%20(C%3A%5CUsers%5CCamilo%5CDesktop%5CBotMTS%5Cnode_modules%5Cvenom-bot%5Cdist%5Capi%5Cwhatsapp.js%3A80%3A29) (1)
[0731/234932.105:INFO:CONSOLE(1)] "[object Object]", source: pptr:evaluate;Whatsapp.initService%20(C%3A%5CUsers%5CCamilo%5CDesktop%5CBotMTS%5Cnode_modules%5Cvenom-bot%5Cdist%5Capi%5Cwhatsapp.js%3A80%3A29) (1)
[0731/234932.105:INFO:CONSOLE(1)] "Survey", source: pptr:evaluate;Whatsapp.initService%20(C%3A%5CUsers%5CCamilo%5CDesktop%5CBotMTS%5Cnode_modules%5Cvenom-bot%5Cdist%5Capi%5Cwhatsapp.js%3A80%3A29) (1)
[0731/234932.105:INFO:CONSOLE(1)] "[object Object]", source: pptr:evaluate;Whatsapp.initService%20(C%3A%5CUsers%5CCamilo%5CDesktop%5CBotMTS%5Cnode_modules%5Cvenom-bot%5Cdist%5Capi%5Cwhatsapp.js%3A80%3A29) (1)
[0731/234932.105:INFO:CONSOLE(1)] "Cmd", source: pptr:evaluate;Whatsapp.initService%20(C%3A%5CUsers%5CCamilo%5CDesktop%5CBotMTS%5Cnode_modules%5Cvenom-bot%5Cdist%5Capi%5Cwhatsapp.js%3A80%3A29) (1)
[0731/234932.105:INFO:CONSOLE(1)] "[object Object]", source: pptr:evaluate;Whatsapp.initService%20(C%3A%5CUsers%5CCamilo%5CDesktop%5CBotMTS%5Cnode_modules%5Cvenom-bot%5Cdist%5Capi%5Cwhatsapp.js%3A80%3A29) (1)
[0731/234932.105:INFO:CONSOLE(1)] "Wap", source: pptr:evaluate;Whatsapp.initService%20(C%3A%5CUsers%5CCamilo%5CDesktop%5CBotMTS%5Cnode_modules%5Cvenom-bot%5Cdist%5Capi%5Cwhatsapp.js%3A80%3A29) (1)
[0731/234932.105:INFO:CONSOLE(1)] "[object Object]", source: pptr:evaluate;Whatsapp.initService%20(C%3A%5CUsers%5CCamilo%5CDesktop%5CBotMTS%5Cnode_modules%5Cvenom-bot%5Cdist%5Capi%5Cwhatsapp.js%3A80%3A29) (1)
[0731/234932.105:INFO:CONSOLE(1)] "SendSocket", source: pptr:evaluate;Whatsapp.initService%20(C%3A%5CUsers%5CCamilo%5CDesktop%5CBotMTS%5Cnode_modules%5Cvenom-bot%5Cdist%5Capi%5Cwhatsapp.js%3A80%3A29) (1)
[0731/234932.105:INFO:CONSOLE(1)] "[object Object]", source: pptr:evaluate;Whatsapp.initService%20(C%3A%5CUsers%5CCamilo%5CDesktop%5CBotMTS%5Cnode_modules%5Cvenom-bot%5Cdist%5Capi%5Cwhatsapp.js%3A80%3A29) (1)
[0731/234932.105:INFO:CONSOLE(1)] "Jid", source: pptr:evaluate;Whatsapp.initService%20(C%3A%5CUsers%5CCamilo%5CDesktop%5CBotMTS%5Cnode_modules%5Cvenom-bot%5Cdist%5Capi%5Cwhatsapp.js%3A80%3A29) (1)
[0731/234932.105:INFO:CONSOLE(1)] "[object Object]", source: pptr:evaluate;Whatsapp.initService%20(C%3A%5CUsers%5CCamilo%5CDesktop%5CBotMTS%5Cnode_modules%5Cvenom-bot%5Cdist%5Capi%5Cwhatsapp.js%3A80%3A29) (1)
[0731/234932.105:INFO:CONSOLE(1)] "sendDeleteMsgs", source: pptr:evaluate;Whatsapp.initService%20(C%3A%5CUsers%5CCamilo%5CDesktop%5CBotMTS%5Cnode_modules%5Cvenom-bot%5Cdist%5Capi%5Cwhatsapp.js%3A80%3A29) (1)
[0731/234932.105:INFO:CONSOLE(1)] "function f(a,c,e){var f=d("WAWebStateUtils").unproxy(a);if(f.promises.sendDeleteMsgs)return f.promises.sendDeleteMsgs;if(c.type==="addon"){var g=c.list;f.promises.sendDeleteMsgs=d("WAWebAddonDeleteAddons").sendDeleteAddonsForMe(g,e).then(b("asyncToGeneratorRuntime").asyncToGenerator(function*(){return g.length}))["finally"](function(){f.promises.sendDeleteMsgs=null})}if(c.type==="message"){var h=c.list;f.promises.sendDeleteMsgs=d("WAWebChatSendDeleteMsgsBridge").sendDeleteMsgs(h,e,f.id).then(function(){h.forEach(function(a){a["delete"]()});return h.length})["catch"](d("WAFilteredCatch").filteredCatch(d("WAWebBackendErrors").ServerStatusCodeError,function(){var a=0;h.forEach(function(b){(b.ack===d("WAWebAck").ACK.FAILED||b.isExpired())&&(b["delete"](),a++)});return a}))["finally"](function(){f.promises.sendDeleteMsgs=null})}return(a=f.promises.sendDeleteMsgs)!=null?a:(i||(i=b("Promise"))).resolve(0)}", source: pptr:evaluate;Whatsapp.initService%20(C%3A%5CUsers%5CCamilo%5CDesktop%5CBotMTS%5Cnode_modules%5Cvenom-bot%5Cdist%5Capi%5Cwhatsapp.js%3A80%3A29) (1)
[0731/234932.106:INFO:CONSOLE(1)] "sendRevokeMsgs", source: pptr:evaluate;Whatsapp.initService%20(C%3A%5CUsers%5CCamilo%5CDesktop%5CBotMTS%5Cnode_modules%5Cvenom-bot%5Cdist%5Capi%5Cwhatsapp.js%3A80%3A29) (1)
[0731/234932.106:INFO:CONSOLE(1)] "function e(a,c,e){var f=d("WAWebStateUtils").unproxy(a);if(f.promises.sendRevokeMsgs)return f.promises.sendRevokeMsgs;c.type==="addon"?a=c.list.map(function(){var a=b("asyncToGeneratorRuntime").asyncToGenerator(function*(a){var b=d("WAWebMsgActionCapability").canSenderRevokeMsg(a)||d("WAWebMsgActionCapability").canBotResponseBeRevokeByInvoker(a)?d("WAWebCmd").Revoke.Sender:d("WAWebCmd").Revoke.Admin;return d("WAWebRevokeMsgAction").sendRevoke({type:"addon",data:a},b,e)});return function(b){return a.apply(this,arguments)}}()):a=c.list.map(function(){var a=b("asyncToGeneratorRuntime").asyncToGenerator(function*(a){var b=d("WAWebMsgActionCapability").canSenderRevokeMsg(a)||d("WAWebMsgActionCapability").canBotResponseBeRevokeByInvoker(a)?d("WAWebCmd").Revoke.Sender:d("WAWebCmd").Revoke.Admin;try{yield p(a,b)}catch(a){d("WALogger").ERROR(l()).devConsole(a)}return d("WAWebRevokeMsgAction").sendRevoke({type:"message",data:a},b,e)});return function(b){return a.apply(this,arguments)}}());return f.promises.sendRevokeMsgs=(i||(i=b("Promise"))).all(a)["finally"](function(){f.promises.sendRevokeMsgs=null})}", source: pptr:evaluate;Whatsapp.initService%20(C%3A%5CUsers%5CCamilo%5CDesktop%5CBotMTS%5Cnode_modules%5Cvenom-bot%5Cdist%5Capi%5Cwhatsapp.js%3A80%3A29) (1)
[0731/234932.106:INFO:CONSOLE(1)] "createNewsletterQuery", source: pptr:evaluate;Whatsapp.initService%20(C%3A%5CUsers%5CCamilo%5CDesktop%5CBotMTS%5Cnode_modules%5Cvenom-bot%5Cdist%5Capi%5Cwhatsapp.js%3A80%3A29) (1)
[0731/234932.106:INFO:CONSOLE(1)] "[object Object]", source: pptr:evaluate;Whatsapp.initService%20(C%3A%5CUsers%5CCamilo%5CDesktop%5CBotMTS%5Cnode_modules%5Cvenom-bot%5Cdist%5Capi%5Cwhatsapp.js%3A80%3A29) (1)
[0731/234932.106:INFO:CONSOLE(1)] "userJidToUserWid", source: pptr:evaluate;Whatsapp.initService%20(C%3A%5CUsers%5CCamilo%5CDesktop%5CBotMTS%5Cnode_modules%5Cvenom-bot%5Cdist%5Capi%5Cwhatsapp.js%3A80%3A29) (1)
[0731/234932.106:INFO:CONSOLE(1)] "[object Object]", source: pptr:evaluate;Whatsapp.initService%20(C%3A%5CUsers%5CCamilo%5CDesktop%5CBotMTS%5Cnode_modules%5Cvenom-bot%5Cdist%5Capi%5Cwhatsapp.js%3A80%3A29) (1)
[0731/234932.583:INFO:CONSOLE(1)] "[object Object]", source: pptr:evaluate;Whatsapp.initService%20(C%3A%5CUsers%5CCamilo%5CDesktop%5CBotMTS%5Cnode_modules%5Cvenom-bot%5Cdist%5Capi%5Cwhatsapp.js%3A80%3A29) (1)
[0731/234932.583:INFO:CONSOLE(1)] "[object Object]", source: pptr:evaluate;Whatsapp.initService%20(C%3A%5CUsers%5CCamilo%5CDesktop%5CBotMTS%5Cnode_modules%5Cvenom-bot%5Cdist%5Capi%5Cwhatsapp.js%3A80%3A29) (1)
[0731/234932.586:INFO:CONSOLE(1)] "[object Object]", source: pptr:evaluate;Whatsapp.initService%20(C%3A%5CUsers%5CCamilo%5CDesktop%5CBotMTS%5Cnode_modules%5Cvenom-bot%5Cdist%5Capi%5Cwhatsapp.js%3A80%3A29) (1)
[0731/234932.586:INFO:CONSOLE(1)] "[object Object]", source: pptr:evaluate;Whatsapp.initService%20(C%3A%5CUsers%5CCamilo%5CDesktop%5CBotMTS%5Cnode_modules%5Cvenom-bot%5Cdist%5Capi%5Cwhatsapp.js%3A80%3A29) (1)
[0731/234932.586:INFO:CONSOLE(1)] "[object Object]", source: pptr:evaluate;Whatsapp.initService%20(C%3A%5CUsers%5CCamilo%5CDesktop%5CBotMTS%5Cnode_modules%5Cvenom-bot%5Cdist%5Capi%5Cwhatsapp.js%3A80%3A29) (1)
[0731/234932.587:INFO:CONSOLE(1)] "[object Object]", source: pptr:evaluate;Whatsapp.initService%20(C%3A%5CUsers%5CCamilo%5CDesktop%5CBotMTS%5Cnode_modules%5Cvenom-bot%5Cdist%5Capi%5Cwhatsapp.js%3A80%3A29) (1)
[0731/234932.587:INFO:CONSOLE(1)] "[object Object]", source: pptr:evaluate;Whatsapp.initService%20(C%3A%5CUsers%5CCamilo%5CDesktop%5CBotMTS%5Cnode_modules%5Cvenom-bot%5Cdist%5Capi%5Cwhatsapp.js%3A80%3A29) (1)
[0731/234932.588:INFO:CONSOLE(1)] "function a(a,b){b=b.intentionallyUsePrivateConstructor;if(!b)throw c("err")("You should use WidFactory.createWid() instead of the Wid constructor. If you absolutely must use the constructor, pass {intentionallyUsePrivateConstructor: true} as a second parameter.");b=d("WAWebWidValidator").validateAndGetParts(a,d("WAWebBizCoexGatingUtils").bizHostedDevicesEnabled());if(b==null){d("WALogger").LOG(m(),a);throw c("err")("wid error: invalid wid")}var e=[],f=b.userPart,g=b.devicePart;b=b.serverPart.toLowerCase();var h;switch(b){case"s.whatsapp.net":h="c.us";break;default:h=b;break}this.server=h;if(f==null){d("WALogger").LOG(l(),a);throw c("err")("wid error: wid represents server and should not be used")}this.user=f;e.push(this.user);if(g!=null){if(this.server!=="c.us"&&this.server!=="lid"&&this.server!=="hosted"&&this.server!=="hosted.lid"&&this.server!=="bot"){d("WALogger").LOG(k(),a);throw c("err")("wid error: wrong server for wid with device present")}b=parseInt(g,10);b&&(e.push(":"),e.push(b),this.device=b)}if(d("WAWebBizCoexGatingUtils").bizHostedDevicesEnabled()&&(this.isHosted()&&(this.device==null||this.device!==s))){d("WALogger").LOG(j());throw c("err")("wid error: unexpected device id in hosted wid")}e.push("@");e.push(this.server);this._serialized=e.join("")}", source: pptr:evaluate;Whatsapp.initService%20(C%3A%5CUsers%5CCamilo%5CDesktop%5CBotMTS%5Cnode_modules%5Cvenom-bot%5Cdist%5Capi%5Cwhatsapp.js%3A80%3A29) (1)
[0731/234932.589:INFO:CONSOLE(1)] "[object Object]", source: pptr:evaluate;Whatsapp.initService%20(C%3A%5CUsers%5CCamilo%5CDesktop%5CBotMTS%5Cnode_modules%5Cvenom-bot%5Cdist%5Capi%5Cwhatsapp.js%3A80%3A29) (1)
[0731/234932.590:INFO:CONSOLE(1)] "[object Object]", source: pptr:evaluate;Whatsapp.initService%20(C%3A%5CUsers%5CCamilo%5CDesktop%5CBotMTS%5Cnode_modules%5Cvenom-bot%5Cdist%5Capi%5Cwhatsapp.js%3A80%3A29) (1)
[0731/234932.591:INFO:CONSOLE(1)] "function a(b){b=b;if(!b)throw c("err")("MsgKey error: obj is null/undefined");b.id instanceof a&&(b=b.id,d("WALogger").WARN(o()));var e=b.from&&b.to&&b.id,f=b.fromMe!==void 0&&b.remote&&b.id,g,h,i,p,q,r,s,t=d("WAWebUserPrefsMeUser").getMaybeMeUser();if(!t)throw c("err")("MsgKey error: me is undefined. Running tests? Call setupGlobalsForTests first.");else if(e&&f){d("WALogger").WARN(n(),JSON.stringify(b));throw c("err")("MsgKey error: unclear which constructor to use")}else if(!e&&!f){d("WALogger").WARN(m(),JSON.stringify(b));throw c("err")("MsgKey error: don't have a matching constructor")}else if(e){e=b;g=e.from;h=e.to;i=e.id;p=e.participant;q=e.selfDir;if(!(g instanceof c("WAWebWid"))||!(h instanceof c("WAWebWid"))||p&&!(p instanceof c("WAWebWid"))){d("WALogger").WARN(l(),String(g),String(h),String(p));throw c("err")("MsgKey error: something is not a wid")}e=c("WAWebWid").equals(g,h);q=e?q:void 0;e&&d("WAWebUserPrefsMeUser").isMePrimary(g)?(r=q==="out",s=t):d("WAWebUserPrefsMeUser").isMePrimary(g)?(r=!0,s=h):d("WAWebUserPrefsMeUser").isMePrimary(h)?(r=!1,s=g):e&&(c("WAWebWid").isGroup(g)||c("WAWebWid").isBroadcast(g))?(r=!0,s=g):d("WALogger").WARN(k(),[g,h,i,t].join());r!==void 0&&(this.fromMe=r);s&&(this.remote=s);i&&(this.id=i)}else if(f){e=b;r=e.fromMe;s=e.remote;i=e.id;p=e.participant;if(!(s instanceof c("WAWebWid"))||p&&!(p instanceof c("WAWebWid"))){d("WALogger").WARN(j(),String(s),String(p));throw c("err")("MsgKey error: something is not a wid")}d("WAWebUserPrefsMeUser").isMePrimary(s)&&(q=r===!0?"out":"in");r!==void 0&&(this.fromMe=r);s&&(this.remote=s);i&&(this.id=i)}g=[this.fromMe,this.remote,this.id];q!==void 0&&(this.self=q,g.push(this.self));p!==void 0&&(this.participant=p,g.push(this.participant));this._serialized=g.join("_")}", source: pptr:evaluate;Whatsapp.initService%20(C%3A%5CUsers%5CCamilo%5CDesktop%5CBotMTS%5Cnode_modules%5Cvenom-bot%5Cdist%5Capi%5Cwhatsapp.js%3A80%3A29) (1)
[0731/234932.591:INFO:CONSOLE(1)] "[object Object]", source: pptr:evaluate;Whatsapp.initService%20(C%3A%5CUsers%5CCamilo%5CDesktop%5CBotMTS%5Cnode_modules%5Cvenom-bot%5Cdist%5Capi%5Cwhatsapp.js%3A80%3A29) (1)
[0731/234932.593:INFO:CONSOLE(1)] "[object Object]", source: pptr:evaluate;Whatsapp.initService%20(C%3A%5CUsers%5CCamilo%5CDesktop%5CBotMTS%5Cnode_modules%5Cvenom-bot%5Cdist%5Capi%5Cwhatsapp.js%3A80%3A29) (1)
[0731/234932.596:INFO:CONSOLE(1)] "[object Object]", source: pptr:evaluate;Whatsapp.initService%20(C%3A%5CUsers%5CCamilo%5CDesktop%5CBotMTS%5Cnode_modules%5Cvenom-bot%5Cdist%5Capi%5Cwhatsapp.js%3A80%3A29) (1)
[0731/234932.599:INFO:CONSOLE(1)] "[object Object]", source: pptr:evaluate;Whatsapp.initService%20(C%3A%5CUsers%5CCamilo%5CDesktop%5CBotMTS%5Cnode_modules%5Cvenom-bot%5Cdist%5Capi%5Cwhatsapp.js%3A80%3A29) (1)
[0731/234932.599:INFO:CONSOLE(1)] "[object Object]", source: pptr:evaluate;Whatsapp.initService%20(C%3A%5CUsers%5CCamilo%5CDesktop%5CBotMTS%5Cnode_modules%5Cvenom-bot%5Cdist%5Capi%5Cwhatsapp.js%3A80%3A29) (1)
[0731/234932.601:INFO:CONSOLE(1)] "[object Object]", source: pptr:evaluate;Whatsapp.initService%20(C%3A%5CUsers%5CCamilo%5CDesktop%5CBotMTS%5Cnode_modules%5Cvenom-bot%5Cdist%5Capi%5Cwhatsapp.js%3A80%3A29) (1)
[0731/234932.601:INFO:CONSOLE(1)] "[object Object]", source: pptr:evaluate;Whatsapp.initService%20(C%3A%5CUsers%5CCamilo%5CDesktop%5CBotMTS%5Cnode_modules%5Cvenom-bot%5Cdist%5Capi%5Cwhatsapp.js%3A80%3A29) (1)
[0731/234932.603:INFO:CONSOLE(1)] "[object Object]", source: pptr:evaluate;Whatsapp.initService%20(C%3A%5CUsers%5CCamilo%5CDesktop%5CBotMTS%5Cnode_modules%5Cvenom-bot%5Cdist%5Capi%5Cwhatsapp.js%3A80%3A29) (1)
[0731/234932.603:INFO:CONSOLE(1)] "[object Object]", source: pptr:evaluate;Whatsapp.initService%20(C%3A%5CUsers%5CCamilo%5CDesktop%5CBotMTS%5Cnode_modules%5Cvenom-bot%5Cdist%5Capi%5Cwhatsapp.js%3A80%3A29) (1)
[0731/234932.609:INFO:CONSOLE(1)] "[object Object]", source: pptr:evaluate;Whatsapp.initService%20(C%3A%5CUsers%5CCamilo%5CDesktop%5CBotMTS%5Cnode_modules%5Cvenom-bot%5Cdist%5Capi%5Cwhatsapp.js%3A80%3A29) (1)
[0731/234932.609:INFO:CONSOLE(1)] "[object Object]", source: pptr:evaluate;Whatsapp.initService%20(C%3A%5CUsers%5CCamilo%5CDesktop%5CBotMTS%5Cnode_modules%5Cvenom-bot%5Cdist%5Capi%5Cwhatsapp.js%3A80%3A29) (1)
[0731/234932.621:INFO:CONSOLE(1)] "[object Object]", source: pptr:evaluate;Whatsapp.initService%20(C%3A%5CUsers%5CCamilo%5CDesktop%5CBotMTS%5Cnode_modules%5Cvenom-bot%5Cdist%5Capi%5Cwhatsapp.js%3A80%3A29) (1)
[0731/234932.621:INFO:CONSOLE(1)] "[object Object]", source: pptr:evaluate;Whatsapp.initService%20(C%3A%5CUsers%5CCamilo%5CDesktop%5CBotMTS%5Cnode_modules%5Cvenom-bot%5Cdist%5Capi%5Cwhatsapp.js%3A80%3A29) (1)
[0731/234932.623:INFO:CONSOLE(1)] "[object Object]", source: pptr:evaluate;Whatsapp.initService%20(C%3A%5CUsers%5CCamilo%5CDesktop%5CBotMTS%5Cnode_modules%5Cvenom-bot%5Cdist%5Capi%5Cwhatsapp.js%3A80%3A29) (1)
[0731/234932.625:INFO:CONSOLE(1)] "[object Object]", source: pptr:evaluate;Whatsapp.initService%20(C%3A%5CUsers%5CCamilo%5CDesktop%5CBotMTS%5Cnode_modules%5Cvenom-bot%5Cdist%5Capi%5Cwhatsapp.js%3A80%3A29) (1)
[0731/234932.626:INFO:CONSOLE(1)] "[object Object]", source: pptr:evaluate;Whatsapp.initService%20(C%3A%5CUsers%5CCamilo%5CDesktop%5CBotMTS%5Cnode_modules%5Cvenom-bot%5Cdist%5Capi%5Cwhatsapp.js%3A80%3A29) (1)
[0731/234932.626:INFO:CONSOLE(1)] "[object Object]", source: pptr:evaluate;Whatsapp.initService%20(C%3A%5CUsers%5CCamilo%5CDesktop%5CBotMTS%5Cnode_modules%5Cvenom-bot%5Cdist%5Capi%5Cwhatsapp.js%3A80%3A29) (1)
[0731/234932.626:INFO:CONSOLE(1)] "[object Object]", source: pptr:evaluate;Whatsapp.initService%20(C%3A%5CUsers%5CCamilo%5CDesktop%5CBotMTS%5Cnode_modules%5Cvenom-bot%5Cdist%5Capi%5Cwhatsapp.js%3A80%3A29) (1)
[0731/234932.628:INFO:CONSOLE(1)] "[object Object]", source: pptr:evaluate;Whatsapp.initService%20(C%3A%5CUsers%5CCamilo%5CDesktop%5CBotMTS%5Cnode_modules%5Cvenom-bot%5Cdist%5Capi%5Cwhatsapp.js%3A80%3A29) (1)
[0731/234932.628:INFO:CONSOLE(1)] "[object Object]", source: pptr:evaluate;Whatsapp.initService%20(C%3A%5CUsers%5CCamilo%5CDesktop%5CBotMTS%5Cnode_modules%5Cvenom-bot%5Cdist%5Capi%5Cwhatsapp.js%3A80%3A29) (1)
[0731/234932.629:INFO:CONSOLE(1)] "[object Object]", source: pptr:evaluate;Whatsapp.initService%20(C%3A%5CUsers%5CCamilo%5CDesktop%5CBotMTS%5Cnode_modules%5Cvenom-bot%5Cdist%5Capi%5Cwhatsapp.js%3A80%3A29) (1)
[0731/234932.630:INFO:CONSOLE(1)] "[object Object]", source: pptr:evaluate;Whatsapp.initService%20(C%3A%5CUsers%5CCamilo%5CDesktop%5CBotMTS%5Cnode_modules%5Cvenom-bot%5Cdist%5Capi%5Cwhatsapp.js%3A80%3A29) (1)
[0731/234932.630:INFO:CONSOLE(1)] "[object Object]", source: pptr:evaluate;Whatsapp.initService%20(C%3A%5CUsers%5CCamilo%5CDesktop%5CBotMTS%5Cnode_modules%5Cvenom-bot%5Cdist%5Capi%5Cwhatsapp.js%3A80%3A29) (1)
[0731/234932.630:INFO:CONSOLE(1)] "function a(a,b,c){return i(d("WAWebStateUtils").unproxy(a),b,c)}", source: pptr:evaluate;Whatsapp.initService%20(C%3A%5CUsers%5CCamilo%5CDesktop%5CBotMTS%5Cnode_modules%5Cvenom-bot%5Cdist%5Capi%5Cwhatsapp.js%3A80%3A29) (1)
[0731/234932.633:INFO:CONSOLE(1)] "[object Object]", source: pptr:evaluate;Whatsapp.initService%20(C%3A%5CUsers%5CCamilo%5CDesktop%5CBotMTS%5Cnode_modules%5Cvenom-bot%5Cdist%5Capi%5Cwhatsapp.js%3A80%3A29) (1)
[0731/234932.634:INFO:CONSOLE(1)] "function a(a,b,c){return h.apply(this,arguments)}", source: pptr:evaluate;Whatsapp.initService%20(C%3A%5CUsers%5CCamilo%5CDesktop%5CBotMTS%5Cnode_modules%5Cvenom-bot%5Cdist%5Capi%5Cwhatsapp.js%3A80%3A29) (1)
[0731/234932.635:INFO:CONSOLE(1)] "[object Object]", source: pptr:evaluate;Whatsapp.initService%20(C%3A%5CUsers%5CCamilo%5CDesktop%5CBotMTS%5Cnode_modules%5Cvenom-bot%5Cdist%5Capi%5Cwhatsapp.js%3A80%3A29) (1)
[0731/234932.636:INFO:CONSOLE(1)] "[object Object]", source: pptr:evaluate;Whatsapp.initService%20(C%3A%5CUsers%5CCamilo%5CDesktop%5CBotMTS%5Cnode_modules%5Cvenom-bot%5Cdist%5Capi%5Cwhatsapp.js%3A80%3A29) (1)
[0731/234932.637:INFO:CONSOLE(1)] "function b(){return a.apply(this,arguments)||this}", source: pptr:evaluate;Whatsapp.initService%20(C%3A%5CUsers%5CCamilo%5CDesktop%5CBotMTS%5Cnode_modules%5Cvenom-bot%5Cdist%5Capi%5Cwhatsapp.js%3A80%3A29) (1)
[0731/234932.637:INFO:CONSOLE(1)] "function b(){return a.apply(this,arguments)||this}", source: pptr:evaluate;Whatsapp.initService%20(C%3A%5CUsers%5CCamilo%5CDesktop%5CBotMTS%5Cnode_modules%5Cvenom-bot%5Cdist%5Capi%5Cwhatsapp.js%3A80%3A29) (1)
[0731/234932.638:INFO:CONSOLE(1)] "[object Object]", source: pptr:evaluate;Whatsapp.initService%20(C%3A%5CUsers%5CCamilo%5CDesktop%5CBotMTS%5Cnode_modules%5Cvenom-bot%5Cdist%5Capi%5Cwhatsapp.js%3A80%3A29) (1)
[0731/234932.639:INFO:CONSOLE(1)] "[object Object]", source: pptr:evaluate;Whatsapp.initService%20(C%3A%5CUsers%5CCamilo%5CDesktop%5CBotMTS%5Cnode_modules%5Cvenom-bot%5Cdist%5Capi%5Cwhatsapp.js%3A80%3A29) (1)
[0731/234932.640:INFO:CONSOLE(1)] "function e(b){var e;b=b.chatParticipantCount;e=a.call(this)||this;e.errorMsgs=null;e.ignored=0;e.mediaPickerStatsLogger=new(d("WAWebWamMediaPickerStatsLogger").MediaPickerStatsLogger)();e.selection=new(c("WAWebSingleSelection"))([],function(a){return a.id},"prev");e.isStickerMaker=!1;e.mediaPickerStatsLogger.chatRecipients=b;e.listenTo(e.selection,"all",e.$AttachMediaCollection1.bind(babelHelpers.assertThisInitialized(e)));return e}", source: pptr:evaluate;Whatsapp.initService%20(C%3A%5CUsers%5CCamilo%5CDesktop%5CBotMTS%5Cnode_modules%5Cvenom-bot%5Cdist%5Capi%5Cwhatsapp.js%3A80%3A29) (1)
[0731/234932.641:INFO:CONSOLE(1)] "[object Object]", source: pptr:evaluate;Whatsapp.initService%20(C%3A%5CUsers%5CCamilo%5CDesktop%5CBotMTS%5Cnode_modules%5Cvenom-bot%5Cdist%5Capi%5Cwhatsapp.js%3A80%3A29) (1)
[0731/234932.648:INFO:CONSOLE(1)] "function a(a){return o(d("WAWebStateUtils").unproxy(a))}", source: pptr:evaluate;Whatsapp.initService%20(C%3A%5CUsers%5CCamilo%5CDesktop%5CBotMTS%5Cnode_modules%5Cvenom-bot%5Cdist%5Capi%5Cwhatsapp.js%3A80%3A29) (1)
[0731/234932.648:INFO:CONSOLE(1)] "function f(a,c,e){var f=d("WAWebStateUtils").unproxy(a);if(f.promises.sendDeleteMsgs)return f.promises.sendDeleteMsgs;if(c.type==="addon"){var g=c.list;f.promises.sendDeleteMsgs=d("WAWebAddonDeleteAddons").sendDeleteAddonsForMe(g,e).then(b("asyncToGeneratorRuntime").asyncToGenerator(function*(){return g.length}))["finally"](function(){f.promises.sendDeleteMsgs=null})}if(c.type==="message"){var h=c.list;f.promises.sendDeleteMsgs=d("WAWebChatSendDeleteMsgsBridge").sendDeleteMsgs(h,e,f.id).then(function(){h.forEach(function(a){a["delete"]()});return h.length})["catch"](d("WAFilteredCatch").filteredCatch(d("WAWebBackendErrors").ServerStatusCodeError,function(){var a=0;h.forEach(function(b){(b.ack===d("WAWebAck").ACK.FAILED||b.isExpired())&&(b["delete"](),a++)});return a}))["finally"](function(){f.promises.sendDeleteMsgs=null})}return(a=f.promises.sendDeleteMsgs)!=null?a:(i||(i=b("Promise"))).resolve(0)}", source: pptr:evaluate;Whatsapp.initService%20(C%3A%5CUsers%5CCamilo%5CDesktop%5CBotMTS%5Cnode_modules%5Cvenom-bot%5Cdist%5Capi%5Cwhatsapp.js%3A80%3A29) (1)
[0731/234932.649:INFO:CONSOLE(1)] "function e(a,c,e){var f=d("WAWebStateUtils").unproxy(a);if(f.promises.sendRevokeMsgs)return f.promises.sendRevokeMsgs;c.type==="addon"?a=c.list.map(function(){var a=b("asyncToGeneratorRuntime").asyncToGenerator(function*(a){var b=d("WAWebMsgActionCapability").canSenderRevokeMsg(a)||d("WAWebMsgActionCapability").canBotResponseBeRevokeByInvoker(a)?d("WAWebCmd").Revoke.Sender:d("WAWebCmd").Revoke.Admin;return d("WAWebRevokeMsgAction").sendRevoke({type:"addon",data:a},b,e)});return function(b){return a.apply(this,arguments)}}()):a=c.list.map(function(){var a=b("asyncToGeneratorRuntime").asyncToGenerator(function*(a){var b=d("WAWebMsgActionCapability").canSenderRevokeMsg(a)||d("WAWebMsgActionCapability").canBotResponseBeRevokeByInvoker(a)?d("WAWebCmd").Revoke.Sender:d("WAWebCmd").Revoke.Admin;try{yield p(a,b)}catch(a){d("WALogger").ERROR(l()).devConsole(a)}return d("WAWebRevokeMsgAction").sendRevoke({type:"message",data:a},b,e)});return function(b){return a.apply(this,arguments)}}());return f.promises.sendRevokeMsgs=(i||(i=b("Promise"))).all(a)["finally"](function(){f.promises.sendRevokeMsgs=null})}", source: pptr:evaluate;Whatsapp.initService%20(C%3A%5CUsers%5CCamilo%5CDesktop%5CBotMTS%5Cnode_modules%5Cvenom-bot%5Cdist%5Capi%5Cwhatsapp.js%3A80%3A29) (1)
[0731/234932.649:INFO:CONSOLE(1)] "[object Object]", source: pptr:evaluate;Whatsapp.initService%20(C%3A%5CUsers%5CCamilo%5CDesktop%5CBotMTS%5Cnode_modules%5Cvenom-bot%5Cdist%5Capi%5Cwhatsapp.js%3A80%3A29) (1)
[0731/234932.649:INFO:CONSOLE(1)] "[object Object]", source: pptr:evaluate;Whatsapp.initService%20(C%3A%5CUsers%5CCamilo%5CDesktop%5CBotMTS%5Cnode_modules%5Cvenom-bot%5Cdist%5Capi%5Cwhatsapp.js%3A80%3A29) (1)
[0731/234932.650:INFO:CONSOLE(1)] "[object Object]", source: pptr:evaluate;Whatsapp.initService%20(C%3A%5CUsers%5CCamilo%5CDesktop%5CBotMTS%5Cnode_modules%5Cvenom-bot%5Cdist%5Capi%5Cwhatsapp.js%3A80%3A29) (1)
[0731/234932.652:INFO:CONSOLE(1)] "[object Object]", source: pptr:evaluate;Whatsapp.initService%20(C%3A%5CUsers%5CCamilo%5CDesktop%5CBotMTS%5Cnode_modules%5Cvenom-bot%5Cdist%5Capi%5Cwhatsapp.js%3A80%3A29) (1)
[0731/234932.653:INFO:CONSOLE(1)] "[object Object]", source: pptr:evaluate;Whatsapp.initService%20(C%3A%5CUsers%5CCamilo%5CDesktop%5CBotMTS%5Cnode_modules%5Cvenom-bot%5Cdist%5Capi%5Cwhatsapp.js%3A80%3A29) (1)
[0731/234932.661:INFO:CONSOLE(1)] "[object Object]", source: pptr:evaluate;Whatsapp.initService%20(C%3A%5CUsers%5CCamilo%5CDesktop%5CBotMTS%5Cnode_modules%5Cvenom-bot%5Cdist%5Capi%5Cwhatsapp.js%3A80%3A29) (1)
[0731/234932.662:INFO:CONSOLE(1)] "[object Object]", source: pptr:evaluate;Whatsapp.initService%20(C%3A%5CUsers%5CCamilo%5CDesktop%5CBotMTS%5Cnode_modules%5Cvenom-bot%5Cdist%5Capi%5Cwhatsapp.js%3A80%3A29) (1)
[0731/234932.679:INFO:CONSOLE(1)] "[object Object]", source: pptr:evaluate;Whatsapp.initService%20(C%3A%5CUsers%5CCamilo%5CDesktop%5CBotMTS%5Cnode_modules%5Cvenom-bot%5Cdist%5Capi%5Cwhatsapp.js%3A80%3A29) (1)
[0731/234932.680:INFO:CONSOLE(1)] "[object Object]", source: pptr:evaluate;Whatsapp.initService%20(C%3A%5CUsers%5CCamilo%5CDesktop%5CBotMTS%5Cnode_modules%5Cvenom-bot%5Cdist%5Capi%5Cwhatsapp.js%3A80%3A29) (1)
[0731/234932.685:INFO:CONSOLE(1)] "TemplateButtonCollection", source: pptr:evaluate;Whatsapp.initService%20(C%3A%5CUsers%5CCamilo%5CDesktop%5CBotMTS%5Cnode_modules%5Cvenom-bot%5Cdist%5Capi%5Cwhatsapp.js%3A80%3A29) (1)
[0731/234932.685:INFO:CONSOLE(1)] "function b(){return a.apply(this,arguments)||this}", source: pptr:evaluate;Whatsapp.initService%20(C%3A%5CUsers%5CCamilo%5CDesktop%5CBotMTS%5Cnode_modules%5Cvenom-bot%5Cdist%5Capi%5Cwhatsapp.js%3A80%3A29) (1)
[0731/234932.685:INFO:CONSOLE(1)] "ButtonCollection", source: pptr:evaluate;Whatsapp.initService%20(C%3A%5CUsers%5CCamilo%5CDesktop%5CBotMTS%5Cnode_modules%5Cvenom-bot%5Cdist%5Capi%5Cwhatsapp.js%3A80%3A29) (1)
[0731/234932.685:INFO:CONSOLE(1)] "function b(){return a.apply(this,arguments)||this}", source: pptr:evaluate;Whatsapp.initService%20(C%3A%5CUsers%5CCamilo%5CDesktop%5CBotMTS%5Cnode_modules%5Cvenom-bot%5Cdist%5Capi%5Cwhatsapp.js%3A80%3A29) (1)
[0731/234932.685:INFO:CONSOLE(1)] "MediaCollection", source: pptr:evaluate;Whatsapp.initService%20(C%3A%5CUsers%5CCamilo%5CDesktop%5CBotMTS%5Cnode_modules%5Cvenom-bot%5Cdist%5Capi%5Cwhatsapp.js%3A80%3A29) (1)
[0731/234932.685:INFO:CONSOLE(1)] "function e(b){var e;b=b.chatParticipantCount;e=a.call(this)||this;e.errorMsgs=null;e.ignored=0;e.mediaPickerStatsLogger=new(d("WAWebWamMediaPickerStatsLogger").MediaPickerStatsLogger)();e.selection=new(c("WAWebSingleSelection"))([],function(a){return a.id},"prev");e.isStickerMaker=!1;e.mediaPickerStatsLogger.chatRecipients=b;e.listenTo(e.selection,"all",e.$AttachMediaCollection1.bind(babelHelpers.assertThisInitialized(e)));return e}", source: pptr:evaluate;Whatsapp.initService%20(C%3A%5CUsers%5CCamilo%5CDesktop%5CBotMTS%5Cnode_modules%5Cvenom-bot%5Cdist%5Capi%5Cwhatsapp.js%3A80%3A29) (1)
[0731/234932.685:INFO:CONSOLE(1)] "MediaProcess", source: pptr:evaluate;Whatsapp.initService%20(C%3A%5CUsers%5CCamilo%5CDesktop%5CBotMTS%5Cnode_modules%5Cvenom-bot%5Cdist%5Capi%5Cwhatsapp.js%3A80%3A29) (1)
[0731/234932.685:INFO:CONSOLE(1)] "[object Object]", source: pptr:evaluate;Whatsapp.initService%20(C%3A%5CUsers%5CCamilo%5CDesktop%5CBotMTS%5Cnode_modules%5Cvenom-bot%5Cdist%5Capi%5Cwhatsapp.js%3A80%3A29) (1)
[0731/234932.685:INFO:CONSOLE(1)] "ChatUtil", source: pptr:evaluate;Whatsapp.initService%20(C%3A%5CUsers%5CCamilo%5CDesktop%5CBotMTS%5Cnode_modules%5Cvenom-bot%5Cdist%5Capi%5Cwhatsapp.js%3A80%3A29) (1)
[0731/234932.685:INFO:CONSOLE(1)] "[object Object]", source: pptr:evaluate;Whatsapp.initService%20(C%3A%5CUsers%5CCamilo%5CDesktop%5CBotMTS%5Cnode_modules%5Cvenom-bot%5Cdist%5Capi%5Cwhatsapp.js%3A80%3A29) (1)
[0731/234932.685:INFO:CONSOLE(1)] "GroupInvite", source: pptr:evaluate;Whatsapp.initService%20(C%3A%5CUsers%5CCamilo%5CDesktop%5CBotMTS%5Cnode_modules%5Cvenom-bot%5Cdist%5Capi%5Cwhatsapp.js%3A80%3A29) (1)
[0731/234932.686:INFO:CONSOLE(1)] "[object Object]", source: pptr:evaluate;Whatsapp.initService%20(C%3A%5CUsers%5CCamilo%5CDesktop%5CBotMTS%5Cnode_modules%5Cvenom-bot%5Cdist%5Capi%5Cwhatsapp.js%3A80%3A29) (1)
[0731/234932.686:INFO:CONSOLE(1)] "Wap", source: pptr:evaluate;Whatsapp.initService%20(C%3A%5CUsers%5CCamilo%5CDesktop%5CBotMTS%5Cnode_modules%5Cvenom-bot%5Cdist%5Capi%5Cwhatsapp.js%3A80%3A29) (1)
[0731/234932.686:INFO:CONSOLE(1)] "[object Object]", source: pptr:evaluate;Whatsapp.initService%20(C%3A%5CUsers%5CCamilo%5CDesktop%5CBotMTS%5Cnode_modules%5Cvenom-bot%5Cdist%5Capi%5Cwhatsapp.js%3A80%3A29) (1)
[0731/234932.686:INFO:CONSOLE(1)] "UserConstructor", source: pptr:evaluate;Whatsapp.initService%20(C%3A%5CUsers%5CCamilo%5CDesktop%5CBotMTS%5Cnode_modules%5Cvenom-bot%5Cdist%5Capi%5Cwhatsapp.js%3A80%3A29) (1)
[0731/234932.686:INFO:CONSOLE(1)] "function a(a,b){b=b.intentionallyUsePrivateConstructor;if(!b)throw c("err")("You should use WidFactory.createWid() instead of the Wid constructor. If you absolutely must use the constructor, pass {intentionallyUsePrivateConstructor: true} as a second parameter.");b=d("WAWebWidValidator").validateAndGetParts(a,d("WAWebBizCoexGatingUtils").bizHostedDevicesEnabled());if(b==null){d("WALogger").LOG(m(),a);throw c("err")("wid error: invalid wid")}var e=[],f=b.userPart,g=b.devicePart;b=b.serverPart.toLowerCase();var h;switch(b){case"s.whatsapp.net":h="c.us";break;default:h=b;break}this.server=h;if(f==null){d("WALogger").LOG(l(),a);throw c("err")("wid error: wid represents server and should not be used")}this.user=f;e.push(this.user);if(g!=null){if(this.server!=="c.us"&&this.server!=="lid"&&this.server!=="hosted"&&this.server!=="hosted.lid"&&this.server!=="bot"){d("WALogger").LOG(k(),a);throw c("err")("wid error: wrong server for wid with device present")}b=parseInt(g,10);b&&(e.push(":"),e.push(b),this.device=b)}if(d("WAWebBizCoexGatingUtils").bizHostedDevicesEnabled()&&(this.isHosted()&&(this.device==null||this.device!==s))){d("WALogger").LOG(j());throw c("err")("wid error: unexpected device id in hosted wid")}e.push("@");e.push(this.server);this._serialized=e.join("")}", source: pptr:evaluate;Whatsapp.initService%20(C%3A%5CUsers%5CCamilo%5CDesktop%5CBotMTS%5Cnode_modules%5Cvenom-bot%5Cdist%5Capi%5Cwhatsapp.js%3A80%3A29) (1)
[0731/234932.686:INFO:CONSOLE(1)] "SendTextMsgToChat", source: pptr:evaluate;Whatsapp.initService%20(C%3A%5CUsers%5CCamilo%5CDesktop%5CBotMTS%5Cnode_modules%5Cvenom-bot%5Cdist%5Capi%5Cwhatsapp.js%3A80%3A29) (1)
[0731/234932.686:INFO:CONSOLE(1)] "function a(a,b,c){return h.apply(this,arguments)}", source: pptr:evaluate;Whatsapp.initService%20(C%3A%5CUsers%5CCamilo%5CDesktop%5CBotMTS%5Cnode_modules%5Cvenom-bot%5Cdist%5Capi%5Cwhatsapp.js%3A80%3A29) (1)
[0731/234932.686:INFO:CONSOLE(1)] "Archive", source: pptr:evaluate;Whatsapp.initService%20(C%3A%5CUsers%5CCamilo%5CDesktop%5CBotMTS%5Cnode_modules%5Cvenom-bot%5Cdist%5Capi%5Cwhatsapp.js%3A80%3A29) (1)
[0731/234932.686:INFO:CONSOLE(1)] "[object Object]", source: pptr:evaluate;Whatsapp.initService%20(C%3A%5CUsers%5CCamilo%5CDesktop%5CBotMTS%5Cnode_modules%5Cvenom-bot%5Cdist%5Capi%5Cwhatsapp.js%3A80%3A29) (1)
[0731/234932.686:INFO:CONSOLE(1)] "pinChat", source: pptr:evaluate;Whatsapp.initService%20(C%3A%5CUsers%5CCamilo%5CDesktop%5CBotMTS%5Cnode_modules%5Cvenom-bot%5Cdist%5Capi%5Cwhatsapp.js%3A80%3A29) (1)
[0731/234932.687:INFO:CONSOLE(1)] "[object Object]", source: pptr:evaluate;Whatsapp.initService%20(C%3A%5CUsers%5CCamilo%5CDesktop%5CBotMTS%5Cnode_modules%5Cvenom-bot%5Cdist%5Capi%5Cwhatsapp.js%3A80%3A29) (1)
[0731/234932.687:INFO:CONSOLE(1)] "sendDelete", source: pptr:evaluate;Whatsapp.initService%20(C%3A%5CUsers%5CCamilo%5CDesktop%5CBotMTS%5Cnode_modules%5Cvenom-bot%5Cdist%5Capi%5Cwhatsapp.js%3A80%3A29) (1)
[0731/234932.687:INFO:CONSOLE(1)] "function a(a){return o(d("WAWebStateUtils").unproxy(a))}", source: pptr:evaluate;Whatsapp.initService%20(C%3A%5CUsers%5CCamilo%5CDesktop%5CBotMTS%5Cnode_modules%5Cvenom-bot%5Cdist%5Capi%5Cwhatsapp.js%3A80%3A29) (1)
[0731/234932.687:INFO:CONSOLE(1)] "addAndSendMsgToChat", source: pptr:evaluate;Whatsapp.initService%20(C%3A%5CUsers%5CCamilo%5CDesktop%5CBotMTS%5Cnode_modules%5Cvenom-bot%5Cdist%5Capi%5Cwhatsapp.js%3A80%3A29) (1)
[0731/234932.687:INFO:CONSOLE(1)] "function a(a,b,c){return i(d("WAWebStateUtils").unproxy(a),b,c)}", source: pptr:evaluate;Whatsapp.initService%20(C%3A%5CUsers%5CCamilo%5CDesktop%5CBotMTS%5Cnode_modules%5Cvenom-bot%5Cdist%5Capi%5Cwhatsapp.js%3A80%3A29) (1)
[0731/234932.687:INFO:CONSOLE(1)] "MsgKey", source: pptr:evaluate;Whatsapp.initService%20(C%3A%5CUsers%5CCamilo%5CDesktop%5CBotMTS%5Cnode_modules%5Cvenom-bot%5Cdist%5Capi%5Cwhatsapp.js%3A80%3A29) (1)
[0731/234932.687:INFO:CONSOLE(1)] "function a(b){b=b;if(!b)throw c("err")("MsgKey error: obj is null/undefined");b.id instanceof a&&(b=b.id,d("WALogger").WARN(o()));var e=b.from&&b.to&&b.id,f=b.fromMe!==void 0&&b.remote&&b.id,g,h,i,p,q,r,s,t=d("WAWebUserPrefsMeUser").getMaybeMeUser();if(!t)throw c("err")("MsgKey error: me is undefined. Running tests? Call setupGlobalsForTests first.");else if(e&&f){d("WALogger").WARN(n(),JSON.stringify(b));throw c("err")("MsgKey error: unclear which constructor to use")}else if(!e&&!f){d("WALogger").WARN(m(),JSON.stringify(b));throw c("err")("MsgKey error: don't have a matching constructor")}else if(e){e=b;g=e.from;h=e.to;i=e.id;p=e.participant;q=e.selfDir;if(!(g instanceof c("WAWebWid"))||!(h instanceof c("WAWebWid"))||p&&!(p instanceof c("WAWebWid"))){d("WALogger").WARN(l(),String(g),String(h),String(p));throw c("err")("MsgKey error: something is not a wid")}e=c("WAWebWid").equals(g,h);q=e?q:void 0;e&&d("WAWebUserPrefsMeUser").isMePrimary(g)?(r=q==="out",s=t):d("WAWebUserPrefsMeUser").isMePrimary(g)?(r=!0,s=h):d("WAWebUserPrefsMeUser").isMePrimary(h)?(r=!1,s=g):e&&(c("WAWebWid").isGroup(g)||c("WAWebWid").isBroadcast(g))?(r=!0,s=g):d("WALogger").WARN(k(),[g,h,i,t].join());r!==void 0&&(this.fromMe=r);s&&(this.remote=s);i&&(this.id=i)}else if(f){e=b;r=e.fromMe;s=e.remote;i=e.id;p=e.participant;if(!(s instanceof c("WAWebWid"))||p&&!(p instanceof c("WAWebWid"))){d("WALogger").WARN(j(),String(s),String(p));throw c("err")("MsgKey error: something is not a wid")}d("WAWebUserPrefsMeUser").isMePrimary(s)&&(q=r===!0?"out":"in");r!==void 0&&(this.fromMe=r);s&&(this.remote=s);i&&(this.id=i)}g=[this.fromMe,this.remote,this.id];q!==void 0&&(this.self=q,g.push(this.self));p!==void 0&&(this.participant=p,g.push(this.participant));this._serialized=g.join("_")}", source: pptr:evaluate;Whatsapp.initService%20(C%3A%5CUsers%5CCamilo%5CDesktop%5CBotMTS%5Cnode_modules%5Cvenom-bot%5Cdist%5Capi%5Cwhatsapp.js%3A80%3A29) (1)
[0731/234932.687:INFO:CONSOLE(1)] "Parser", source: pptr:evaluate;Whatsapp.initService%20(C%3A%5CUsers%5CCamilo%5CDesktop%5CBotMTS%5Cnode_modules%5Cvenom-bot%5Cdist%5Capi%5Cwhatsapp.js%3A80%3A29) (1)
[0731/234932.687:INFO:CONSOLE(1)] "[object Object]", source: pptr:evaluate;Whatsapp.initService%20(C%3A%5CUsers%5CCamilo%5CDesktop%5CBotMTS%5Cnode_modules%5Cvenom-bot%5Cdist%5Capi%5Cwhatsapp.js%3A80%3A29) (1)
[0731/234932.687:INFO:CONSOLE(1)] "MyStatus", source: pptr:evaluate;Whatsapp.initService%20(C%3A%5CUsers%5CCamilo%5CDesktop%5CBotMTS%5Cnode_modules%5Cvenom-bot%5Cdist%5Capi%5Cwhatsapp.js%3A80%3A29) (1)
[0731/234932.688:INFO:CONSOLE(1)] "[object Object]", source: pptr:evaluate;Whatsapp.initService%20(C%3A%5CUsers%5CCamilo%5CDesktop%5CBotMTS%5Cnode_modules%5Cvenom-bot%5Cdist%5Capi%5Cwhatsapp.js%3A80%3A29) (1)
[0731/234932.688:INFO:CONSOLE(1)] "ChatStates", source: pptr:evaluate;Whatsapp.initService%20(C%3A%5CUsers%5CCamilo%5CDesktop%5CBotMTS%5Cnode_modules%5Cvenom-bot%5Cdist%5Capi%5Cwhatsapp.js%3A80%3A29) (1)
[0731/234932.688:INFO:CONSOLE(1)] "[object Object]", source: pptr:evaluate;Whatsapp.initService%20(C%3A%5CUsers%5CCamilo%5CDesktop%5CBotMTS%5Cnode_modules%5Cvenom-bot%5Cdist%5Capi%5Cwhatsapp.js%3A80%3A29) (1)
[0731/234932.688:INFO:CONSOLE(1)] "WidFactory", source: pptr:evaluate;Whatsapp.initService%20(C%3A%5CUsers%5CCamilo%5CDesktop%5CBotMTS%5Cnode_modules%5Cvenom-bot%5Cdist%5Capi%5Cwhatsapp.js%3A80%3A29) (1)
[0731/234932.688:INFO:CONSOLE(1)] "[object Object]", source: pptr:evaluate;Whatsapp.initService%20(C%3A%5CUsers%5CCamilo%5CDesktop%5CBotMTS%5Cnode_modules%5Cvenom-bot%5Cdist%5Capi%5Cwhatsapp.js%3A80%3A29) (1)
[0731/234932.688:INFO:CONSOLE(1)] "MaybeMeUser", source: pptr:evaluate;Whatsapp.initService%20(C%3A%5CUsers%5CCamilo%5CDesktop%5CBotMTS%5Cnode_modules%5Cvenom-bot%5Cdist%5Capi%5Cwhatsapp.js%3A80%3A29) (1)
[0731/234932.688:INFO:CONSOLE(1)] "[object Object]", source: pptr:evaluate;Whatsapp.initService%20(C%3A%5CUsers%5CCamilo%5CDesktop%5CBotMTS%5Cnode_modules%5Cvenom-bot%5Cdist%5Capi%5Cwhatsapp.js%3A80%3A29) (1)
[0731/234932.688:INFO:CONSOLE(1)] "Sticker", source: pptr:evaluate;Whatsapp.initService%20(C%3A%5CUsers%5CCamilo%5CDesktop%5CBotMTS%5Cnode_modules%5Cvenom-bot%5Cdist%5Capi%5Cwhatsapp.js%3A80%3A29) (1)
[0731/234932.688:INFO:CONSOLE(1)] "[object Object]", source: pptr:evaluate;Whatsapp.initService%20(C%3A%5CUsers%5CCamilo%5CDesktop%5CBotMTS%5Cnode_modules%5Cvenom-bot%5Cdist%5Capi%5Cwhatsapp.js%3A80%3A29) (1)
[0731/234932.688:INFO:CONSOLE(1)] "MediaObject", source: pptr:evaluate;Whatsapp.initService%20(C%3A%5CUsers%5CCamilo%5CDesktop%5CBotMTS%5Cnode_modules%5Cvenom-bot%5Cdist%5Capi%5Cwhatsapp.js%3A80%3A29) (1)
[0731/234932.688:INFO:CONSOLE(1)] "[object Object]", source: pptr:evaluate;Whatsapp.initService%20(C%3A%5CUsers%5CCamilo%5CDesktop%5CBotMTS%5Cnode_modules%5Cvenom-bot%5Cdist%5Capi%5Cwhatsapp.js%3A80%3A29) (1)
[0731/234932.689:INFO:CONSOLE(1)] "UploadUtils", source: pptr:evaluate;Whatsapp.initService%20(C%3A%5CUsers%5CCamilo%5CDesktop%5CBotMTS%5Cnode_modules%5Cvenom-bot%5Cdist%5Capi%5Cwhatsapp.js%3A80%3A29) (1)
[0731/234932.689:INFO:CONSOLE(1)] "[object Object]", source: pptr:evaluate;Whatsapp.initService%20(C%3A%5CUsers%5CCamilo%5CDesktop%5CBotMTS%5Cnode_modules%5Cvenom-bot%5Cdist%5Capi%5Cwhatsapp.js%3A80%3A29) (1)
[0731/234932.689:INFO:CONSOLE(1)] "Cmd", source: pptr:evaluate;Whatsapp.initService%20(C%3A%5CUsers%5CCamilo%5CDesktop%5CBotMTS%5Cnode_modules%5Cvenom-bot%5Cdist%5Capi%5Cwhatsapp.js%3A80%3A29) (1)
[0731/234932.689:INFO:CONSOLE(1)] "[object Object]", source: pptr:evaluate;Whatsapp.initService%20(C%3A%5CUsers%5CCamilo%5CDesktop%5CBotMTS%5Cnode_modules%5Cvenom-bot%5Cdist%5Capi%5Cwhatsapp.js%3A80%3A29) (1)
[0731/234932.689:INFO:CONSOLE(1)] "ReadSeen", source: pptr:evaluate;Whatsapp.initService%20(C%3A%5CUsers%5CCamilo%5CDesktop%5CBotMTS%5Cnode_modules%5Cvenom-bot%5Cdist%5Capi%5Cwhatsapp.js%3A80%3A29) (1)
[0731/234932.689:INFO:CONSOLE(1)] "[object Object]", source: pptr:evaluate;Whatsapp.initService%20(C%3A%5CUsers%5CCamilo%5CDesktop%5CBotMTS%5Cnode_modules%5Cvenom-bot%5Cdist%5Capi%5Cwhatsapp.js%3A80%3A29) (1)
[0731/234932.689:INFO:CONSOLE(1)] "Block", source: pptr:evaluate;Whatsapp.initService%20(C%3A%5CUsers%5CCamilo%5CDesktop%5CBotMTS%5Cnode_modules%5Cvenom-bot%5Cdist%5Capi%5Cwhatsapp.js%3A80%3A29) (1)
[0731/234932.689:INFO:CONSOLE(1)] "[object Object]", source: pptr:evaluate;Whatsapp.initService%20(C%3A%5CUsers%5CCamilo%5CDesktop%5CBotMTS%5Cnode_modules%5Cvenom-bot%5Cdist%5Capi%5Cwhatsapp.js%3A80%3A29) (1)
[0731/234932.689:INFO:CONSOLE(1)] "BlockList", source: pptr:evaluate;Whatsapp.initService%20(C%3A%5CUsers%5CCamilo%5CDesktop%5CBotMTS%5Cnode_modules%5Cvenom-bot%5Cdist%5Capi%5Cwhatsapp.js%3A80%3A29) (1)
[0731/234932.690:INFO:CONSOLE(1)] "[object Object]", source: pptr:evaluate;Whatsapp.initService%20(C%3A%5CUsers%5CCamilo%5CDesktop%5CBotMTS%5Cnode_modules%5Cvenom-bot%5Cdist%5Capi%5Cwhatsapp.js%3A80%3A29) (1)
[0731/234932.690:INFO:CONSOLE(1)] "Theme", source: pptr:evaluate;Whatsapp.initService%20(C%3A%5CUsers%5CCamilo%5CDesktop%5CBotMTS%5Cnode_modules%5Cvenom-bot%5Cdist%5Capi%5Cwhatsapp.js%3A80%3A29) (1)
[0731/234932.690:INFO:CONSOLE(1)] "[object Object]", source: pptr:evaluate;Whatsapp.initService%20(C%3A%5CUsers%5CCamilo%5CDesktop%5CBotMTS%5Cnode_modules%5Cvenom-bot%5Cdist%5Capi%5Cwhatsapp.js%3A80%3A29) (1)
[0731/234932.690:INFO:CONSOLE(1)] "Vcard", source: pptr:evaluate;Whatsapp.initService%20(C%3A%5CUsers%5CCamilo%5CDesktop%5CBotMTS%5Cnode_modules%5Cvenom-bot%5Cdist%5Capi%5Cwhatsapp.js%3A80%3A29) (1)
[0731/234932.690:INFO:CONSOLE(1)] "[object Object]", source: pptr:evaluate;Whatsapp.initService%20(C%3A%5CUsers%5CCamilo%5CDesktop%5CBotMTS%5Cnode_modules%5Cvenom-bot%5Cdist%5Capi%5Cwhatsapp.js%3A80%3A29) (1)
[0731/234932.690:INFO:CONSOLE(1)] "Profile", source: pptr:evaluate;Whatsapp.initService%20(C%3A%5CUsers%5CCamilo%5CDesktop%5CBotMTS%5Cnode_modules%5Cvenom-bot%5Cdist%5Capi%5Cwhatsapp.js%3A80%3A29) (1)
[0731/234932.690:INFO:CONSOLE(1)] "[object Object]", source: pptr:evaluate;Whatsapp.initService%20(C%3A%5CUsers%5CCamilo%5CDesktop%5CBotMTS%5Cnode_modules%5Cvenom-bot%5Cdist%5Capi%5Cwhatsapp.js%3A80%3A29) (1)
[0731/234932.690:INFO:CONSOLE(1)] "SendMute", source: pptr:evaluate;Whatsapp.initService%20(C%3A%5CUsers%5CCamilo%5CDesktop%5CBotMTS%5Cnode_modules%5Cvenom-bot%5Cdist%5Capi%5Cwhatsapp.js%3A80%3A29) (1)
[0731/234932.690:INFO:CONSOLE(1)] "[object Object]", source: pptr:evaluate;Whatsapp.initService%20(C%3A%5CUsers%5CCamilo%5CDesktop%5CBotMTS%5Cnode_modules%5Cvenom-bot%5Cdist%5Capi%5Cwhatsapp.js%3A80%3A29) (1)
[0731/234932.690:INFO:CONSOLE(1)] "Validators", source: pptr:evaluate;Whatsapp.initService%20(C%3A%5CUsers%5CCamilo%5CDesktop%5CBotMTS%5Cnode_modules%5Cvenom-bot%5Cdist%5Capi%5Cwhatsapp.js%3A80%3A29) (1)
[0731/234932.690:INFO:CONSOLE(1)] "[object Object]", source: pptr:evaluate;Whatsapp.initService%20(C%3A%5CUsers%5CCamilo%5CDesktop%5CBotMTS%5Cnode_modules%5Cvenom-bot%5Cdist%5Capi%5Cwhatsapp.js%3A80%3A29) (1)
[0731/234932.690:INFO:CONSOLE(1)] "genId", source: pptr:evaluate;Whatsapp.initService%20(C%3A%5CUsers%5CCamilo%5CDesktop%5CBotMTS%5Cnode_modules%5Cvenom-bot%5Cdist%5Capi%5Cwhatsapp.js%3A80%3A29) (1)
[0731/234932.691:INFO:CONSOLE(1)] "[object Object]", source: pptr:evaluate;Whatsapp.initService%20(C%3A%5CUsers%5CCamilo%5CDesktop%5CBotMTS%5Cnode_modules%5Cvenom-bot%5Cdist%5Capi%5Cwhatsapp.js%3A80%3A29) (1)
[0731/234932.691:INFO:CONSOLE(1)] "Stream", source: pptr:evaluate;Whatsapp.initService%20(C%3A%5CUsers%5CCamilo%5CDesktop%5CBotMTS%5Cnode_modules%5Cvenom-bot%5Cdist%5Capi%5Cwhatsapp.js%3A80%3A29) (1)
[0731/234932.691:INFO:CONSOLE(1)] "[object Object]", source: pptr:evaluate;Whatsapp.initService%20(C%3A%5CUsers%5CCamilo%5CDesktop%5CBotMTS%5Cnode_modules%5Cvenom-bot%5Cdist%5Capi%5Cwhatsapp.js%3A80%3A29) (1)
[0731/234932.691:INFO:CONSOLE(1)] "State", source: pptr:evaluate;Whatsapp.initService%20(C%3A%5CUsers%5CCamilo%5CDesktop%5CBotMTS%5Cnode_modules%5Cvenom-bot%5Cdist%5Capi%5Cwhatsapp.js%3A80%3A29) (1)
[0731/234932.691:INFO:CONSOLE(1)] "[object Object]", source: pptr:evaluate;Whatsapp.initService%20(C%3A%5CUsers%5CCamilo%5CDesktop%5CBotMTS%5Cnode_modules%5Cvenom-bot%5Cdist%5Capi%5Cwhatsapp.js%3A80%3A29) (1)
[0731/234932.691:INFO:CONSOLE(1)] "Login", source: pptr:evaluate;Whatsapp.initService%20(C%3A%5CUsers%5CCamilo%5CDesktop%5CBotMTS%5Cnode_modules%5Cvenom-bot%5Cdist%5Capi%5Cwhatsapp.js%3A80%3A29) (1)
[0731/234932.691:INFO:CONSOLE(1)] "[object Object]", source: pptr:evaluate;Whatsapp.initService%20(C%3A%5CUsers%5CCamilo%5CDesktop%5CBotMTS%5Cnode_modules%5Cvenom-bot%5Cdist%5Capi%5Cwhatsapp.js%3A80%3A29) (1)
[0731/234932.691:INFO:CONSOLE(1)] "Presence", source: pptr:evaluate;Whatsapp.initService%20(C%3A%5CUsers%5CCamilo%5CDesktop%5CBotMTS%5Cnode_modules%5Cvenom-bot%5Cdist%5Capi%5Cwhatsapp.js%3A80%3A29) (1)
[0731/234932.691:INFO:CONSOLE(1)] "[object Object]", source: pptr:evaluate;Whatsapp.initService%20(C%3A%5CUsers%5CCamilo%5CDesktop%5CBotMTS%5Cnode_modules%5Cvenom-bot%5Cdist%5Capi%5Cwhatsapp.js%3A80%3A29) (1)
[0731/234932.691:INFO:CONSOLE(1)] "PresenceCollection", source: pptr:evaluate;Whatsapp.initService%20(C%3A%5CUsers%5CCamilo%5CDesktop%5CBotMTS%5Cnode_modules%5Cvenom-bot%5Cdist%5Capi%5Cwhatsapp.js%3A80%3A29) (1)
[0731/234932.692:INFO:CONSOLE(1)] "[object Object]", source: pptr:evaluate;Whatsapp.initService%20(C%3A%5CUsers%5CCamilo%5CDesktop%5CBotMTS%5Cnode_modules%5Cvenom-bot%5Cdist%5Capi%5Cwhatsapp.js%3A80%3A29) (1)
[0731/234932.692:INFO:CONSOLE(1)] "blob", source: pptr:evaluate;Whatsapp.initService%20(C%3A%5CUsers%5CCamilo%5CDesktop%5CBotMTS%5Cnode_modules%5Cvenom-bot%5Cdist%5Capi%5Cwhatsapp.js%3A80%3A29) (1)
[0731/234932.692:INFO:CONSOLE(1)] "[object Object]", source: pptr:evaluate;Whatsapp.initService%20(C%3A%5CUsers%5CCamilo%5CDesktop%5CBotMTS%5Cnode_modules%5Cvenom-bot%5Cdist%5Capi%5Cwhatsapp.js%3A80%3A29) (1)
[0731/234932.692:INFO:CONSOLE(1)] "infoGroup", source: pptr:evaluate;Whatsapp.initService%20(C%3A%5CUsers%5CCamilo%5CDesktop%5CBotMTS%5Cnode_modules%5Cvenom-bot%5Cdist%5Capi%5Cwhatsapp.js%3A80%3A29) (1)
[0731/234932.692:INFO:CONSOLE(1)] "[object Object]", source: pptr:evaluate;Whatsapp.initService%20(C%3A%5CUsers%5CCamilo%5CDesktop%5CBotMTS%5Cnode_modules%5Cvenom-bot%5Cdist%5Capi%5Cwhatsapp.js%3A80%3A29) (1)
[0731/234932.692:INFO:CONSOLE(1)] "SetStatusChat", source: pptr:evaluate;Whatsapp.initService%20(C%3A%5CUsers%5CCamilo%5CDesktop%5CBotMTS%5Cnode_modules%5Cvenom-bot%5Cdist%5Capi%5Cwhatsapp.js%3A80%3A29) (1)
[0731/234932.692:INFO:CONSOLE(1)] "[object Object]", source: pptr:evaluate;Whatsapp.initService%20(C%3A%5CUsers%5CCamilo%5CDesktop%5CBotMTS%5Cnode_modules%5Cvenom-bot%5Cdist%5Capi%5Cwhatsapp.js%3A80%3A29) (1)
[0731/234932.692:INFO:CONSOLE(1)] "Reactions", source: pptr:evaluate;Whatsapp.initService%20(C%3A%5CUsers%5CCamilo%5CDesktop%5CBotMTS%5Cnode_modules%5Cvenom-bot%5Cdist%5Capi%5Cwhatsapp.js%3A80%3A29) (1)
[0731/234932.692:INFO:CONSOLE(1)] "[object Object]", source: pptr:evaluate;Whatsapp.initService%20(C%3A%5CUsers%5CCamilo%5CDesktop%5CBotMTS%5Cnode_modules%5Cvenom-bot%5Cdist%5Capi%5Cwhatsapp.js%3A80%3A29) (1)
[0731/234932.692:INFO:CONSOLE(1)] "CheckWid", source: pptr:evaluate;Whatsapp.initService%20(C%3A%5CUsers%5CCamilo%5CDesktop%5CBotMTS%5Cnode_modules%5Cvenom-bot%5Cdist%5Capi%5Cwhatsapp.js%3A80%3A29) (1)
[0731/234932.692:INFO:CONSOLE(1)] "[object Object]", source: pptr:evaluate;Whatsapp.initService%20(C%3A%5CUsers%5CCamilo%5CDesktop%5CBotMTS%5Cnode_modules%5Cvenom-bot%5Cdist%5Capi%5Cwhatsapp.js%3A80%3A29) (1)
[0731/234932.693:INFO:CONSOLE(1)] "ProfileBusiness", source: pptr:evaluate;Whatsapp.initService%20(C%3A%5CUsers%5CCamilo%5CDesktop%5CBotMTS%5Cnode_modules%5Cvenom-bot%5Cdist%5Capi%5Cwhatsapp.js%3A80%3A29) (1)
[0731/234932.693:INFO:CONSOLE(1)] "[object Object]", source: pptr:evaluate;Whatsapp.initService%20(C%3A%5CUsers%5CCamilo%5CDesktop%5CBotMTS%5Cnode_modules%5Cvenom-bot%5Cdist%5Capi%5Cwhatsapp.js%3A80%3A29) (1)
[0731/234932.693:INFO:CONSOLE(1)] "Contacts", source: pptr:evaluate;Whatsapp.initService%20(C%3A%5CUsers%5CCamilo%5CDesktop%5CBotMTS%5Cnode_modules%5Cvenom-bot%5Cdist%5Capi%5Cwhatsapp.js%3A80%3A29) (1)
[0731/234932.693:INFO:CONSOLE(1)] "[object Object]", source: pptr:evaluate;Whatsapp.initService%20(C%3A%5CUsers%5CCamilo%5CDesktop%5CBotMTS%5Cnode_modules%5Cvenom-bot%5Cdist%5Capi%5Cwhatsapp.js%3A80%3A29) (1)
[0731/234932.693:INFO:CONSOLE(1)] "onlySendAdmin", source: pptr:evaluate;Whatsapp.initService%20(C%3A%5CUsers%5CCamilo%5CDesktop%5CBotMTS%5Cnode_modules%5Cvenom-bot%5Cdist%5Capi%5Cwhatsapp.js%3A80%3A29) (1)
[0731/234932.693:INFO:CONSOLE(1)] "[object Object]", source: pptr:evaluate;Whatsapp.initService%20(C%3A%5CUsers%5CCamilo%5CDesktop%5CBotMTS%5Cnode_modules%5Cvenom-bot%5Cdist%5Capi%5Cwhatsapp.js%3A80%3A29) (1)
[0731/234932.693:INFO:CONSOLE(1)] "SendCommunity", source: pptr:evaluate;Whatsapp.initService%20(C%3A%5CUsers%5CCamilo%5CDesktop%5CBotMTS%5Cnode_modules%5Cvenom-bot%5Cdist%5Capi%5Cwhatsapp.js%3A80%3A29) (1)
[0731/234932.693:INFO:CONSOLE(1)] "[object Object]", source: pptr:evaluate;Whatsapp.initService%20(C%3A%5CUsers%5CCamilo%5CDesktop%5CBotMTS%5Cnode_modules%5Cvenom-bot%5Cdist%5Capi%5Cwhatsapp.js%3A80%3A29) (1)
[0731/234932.693:INFO:CONSOLE(1)] "Websocket", source: pptr:evaluate;Whatsapp.initService%20(C%3A%5CUsers%5CCamilo%5CDesktop%5CBotMTS%5Cnode_modules%5Cvenom-bot%5Cdist%5Capi%5Cwhatsapp.js%3A80%3A29) (1)
[0731/234932.693:INFO:CONSOLE(1)] "[object Object]", source: pptr:evaluate;Whatsapp.initService%20(C%3A%5CUsers%5CCamilo%5CDesktop%5CBotMTS%5Cnode_modules%5Cvenom-bot%5Cdist%5Capi%5Cwhatsapp.js%3A80%3A29) (1)
[0731/234932.693:INFO:CONSOLE(1)] "Survey", source: pptr:evaluate;Whatsapp.initService%20(C%3A%5CUsers%5CCamilo%5CDesktop%5CBotMTS%5Cnode_modules%5Cvenom-bot%5Cdist%5Capi%5Cwhatsapp.js%3A80%3A29) (1)
[0731/234932.694:INFO:CONSOLE(1)] "[object Object]", source: pptr:evaluate;Whatsapp.initService%20(C%3A%5CUsers%5CCamilo%5CDesktop%5CBotMTS%5Cnode_modules%5Cvenom-bot%5Cdist%5Capi%5Cwhatsapp.js%3A80%3A29) (1)
[0731/234932.694:INFO:CONSOLE(1)] "Cmd", source: pptr:evaluate;Whatsapp.initService%20(C%3A%5CUsers%5CCamilo%5CDesktop%5CBotMTS%5Cnode_modules%5Cvenom-bot%5Cdist%5Capi%5Cwhatsapp.js%3A80%3A29) (1)
[0731/234932.694:INFO:CONSOLE(1)] "[object Object]", source: pptr:evaluate;Whatsapp.initService%20(C%3A%5CUsers%5CCamilo%5CDesktop%5CBotMTS%5Cnode_modules%5Cvenom-bot%5Cdist%5Capi%5Cwhatsapp.js%3A80%3A29) (1)
[0731/234932.694:INFO:CONSOLE(1)] "Wap", source: pptr:evaluate;Whatsapp.initService%20(C%3A%5CUsers%5CCamilo%5CDesktop%5CBotMTS%5Cnode_modules%5Cvenom-bot%5Cdist%5Capi%5Cwhatsapp.js%3A80%3A29) (1)
[0731/234932.694:INFO:CONSOLE(1)] "[object Object]", source: pptr:evaluate;Whatsapp.initService%20(C%3A%5CUsers%5CCamilo%5CDesktop%5CBotMTS%5Cnode_modules%5Cvenom-bot%5Cdist%5Capi%5Cwhatsapp.js%3A80%3A29) (1)
[0731/234932.694:INFO:CONSOLE(1)] "SendSocket", source: pptr:evaluate;Whatsapp.initService%20(C%3A%5CUsers%5CCamilo%5CDesktop%5CBotMTS%5Cnode_modules%5Cvenom-bot%5Cdist%5Capi%5Cwhatsapp.js%3A80%3A29) (1)
[0731/234932.694:INFO:CONSOLE(1)] "[object Object]", source: pptr:evaluate;Whatsapp.initService%20(C%3A%5CUsers%5CCamilo%5CDesktop%5CBotMTS%5Cnode_modules%5Cvenom-bot%5Cdist%5Capi%5Cwhatsapp.js%3A80%3A29) (1)
[0731/234932.694:INFO:CONSOLE(1)] "Jid", source: pptr:evaluate;Whatsapp.initService%20(C%3A%5CUsers%5CCamilo%5CDesktop%5CBotMTS%5Cnode_modules%5Cvenom-bot%5Cdist%5Capi%5Cwhatsapp.js%3A80%3A29) (1)
[0731/234932.694:INFO:CONSOLE(1)] "[object Object]", source: pptr:evaluate;Whatsapp.initService%20(C%3A%5CUsers%5CCamilo%5CDesktop%5CBotMTS%5Cnode_modules%5Cvenom-bot%5Cdist%5Capi%5Cwhatsapp.js%3A80%3A29) (1)
[0731/234932.694:INFO:CONSOLE(1)] "sendDeleteMsgs", source: pptr:evaluate;Whatsapp.initService%20(C%3A%5CUsers%5CCamilo%5CDesktop%5CBotMTS%5Cnode_modules%5Cvenom-bot%5Cdist%5Capi%5Cwhatsapp.js%3A80%3A29) (1)
[0731/234932.694:INFO:CONSOLE(1)] "function f(a,c,e){var f=d("WAWebStateUtils").unproxy(a);if(f.promises.sendDeleteMsgs)return f.promises.sendDeleteMsgs;if(c.type==="addon"){var g=c.list;f.promises.sendDeleteMsgs=d("WAWebAddonDeleteAddons").sendDeleteAddonsForMe(g,e).then(b("asyncToGeneratorRuntime").asyncToGenerator(function*(){return g.length}))["finally"](function(){f.promises.sendDeleteMsgs=null})}if(c.type==="message"){var h=c.list;f.promises.sendDeleteMsgs=d("WAWebChatSendDeleteMsgsBridge").sendDeleteMsgs(h,e,f.id).then(function(){h.forEach(function(a){a["delete"]()});return h.length})["catch"](d("WAFilteredCatch").filteredCatch(d("WAWebBackendErrors").ServerStatusCodeError,function(){var a=0;h.forEach(function(b){(b.ack===d("WAWebAck").ACK.FAILED||b.isExpired())&&(b["delete"](),a++)});return a}))["finally"](function(){f.promises.sendDeleteMsgs=null})}return(a=f.promises.sendDeleteMsgs)!=null?a:(i||(i=b("Promise"))).resolve(0)}", source: pptr:evaluate;Whatsapp.initService%20(C%3A%5CUsers%5CCamilo%5CDesktop%5CBotMTS%5Cnode_modules%5Cvenom-bot%5Cdist%5Capi%5Cwhatsapp.js%3A80%3A29) (1)
[0731/234932.694:INFO:CONSOLE(1)] "sendRevokeMsgs", source: pptr:evaluate;Whatsapp.initService%20(C%3A%5CUsers%5CCamilo%5CDesktop%5CBotMTS%5Cnode_modules%5Cvenom-bot%5Cdist%5Capi%5Cwhatsapp.js%3A80%3A29) (1)
[0731/234932.694:INFO:CONSOLE(1)] "function e(a,c,e){var f=d("WAWebStateUtils").unproxy(a);if(f.promises.sendRevokeMsgs)return f.promises.sendRevokeMsgs;c.type==="addon"?a=c.list.map(function(){var a=b("asyncToGeneratorRuntime").asyncToGenerator(function*(a){var b=d("WAWebMsgActionCapability").canSenderRevokeMsg(a)||d("WAWebMsgActionCapability").canBotResponseBeRevokeByInvoker(a)?d("WAWebCmd").Revoke.Sender:d("WAWebCmd").Revoke.Admin;return d("WAWebRevokeMsgAction").sendRevoke({type:"addon",data:a},b,e)});return function(b){return a.apply(this,arguments)}}()):a=c.list.map(function(){var a=b("asyncToGeneratorRuntime").asyncToGenerator(function*(a){var b=d("WAWebMsgActionCapability").canSenderRevokeMsg(a)||d("WAWebMsgActionCapability").canBotResponseBeRevokeByInvoker(a)?d("WAWebCmd").Revoke.Sender:d("WAWebCmd").Revoke.Admin;try{yield p(a,b)}catch(a){d("WALogger").ERROR(l()).devConsole(a)}return d("WAWebRevokeMsgAction").sendRevoke({type:"message",data:a},b,e)});return function(b){return a.apply(this,arguments)}}());return f.promises.sendRevokeMsgs=(i||(i=b("Promise"))).all(a)["finally"](function(){f.promises.sendRevokeMsgs=null})}", source: pptr:evaluate;Whatsapp.initService%20(C%3A%5CUsers%5CCamilo%5CDesktop%5CBotMTS%5Cnode_modules%5Cvenom-bot%5Cdist%5Capi%5Cwhatsapp.js%3A80%3A29) (1)
[0731/234932.695:INFO:CONSOLE(1)] "createNewsletterQuery", source: pptr:evaluate;Whatsapp.initService%20(C%3A%5CUsers%5CCamilo%5CDesktop%5CBotMTS%5Cnode_modules%5Cvenom-bot%5Cdist%5Capi%5Cwhatsapp.js%3A80%3A29) (1)
[0731/234932.695:INFO:CONSOLE(1)] "[object Object]", source: pptr:evaluate;Whatsapp.initService%20(C%3A%5CUsers%5CCamilo%5CDesktop%5CBotMTS%5Cnode_modules%5Cvenom-bot%5Cdist%5Capi%5Cwhatsapp.js%3A80%3A29) (1)
[0731/234932.695:INFO:CONSOLE(1)] "userJidToUserWid", source: pptr:evaluate;Whatsapp.initService%20(C%3A%5CUsers%5CCamilo%5CDesktop%5CBotMTS%5Cnode_modules%5Cvenom-bot%5Cdist%5Capi%5Cwhatsapp.js%3A80%3A29) (1)
[0731/234932.695:INFO:CONSOLE(1)] "[object Object]", source: pptr:evaluate;Whatsapp.initService%20(C%3A%5CUsers%5CCamilo%5CDesktop%5CBotMTS%5Cnode_modules%5Cvenom-bot%5Cdist%5Capi%5Cwhatsapp.js%3A80%3A29) (1)
[0731/235119.846:INFO:CONSOLE(133)] "Event handler of 'x-storagemutated-1' event must be added on the initial evaluation of worker script.", source: https://static.whatsapp.net/rsrc.php/v3/yF/r/OCSugOKLwfG.js?_nc_x=Ij3Wp8lg5Kz (133)
